\BOOKMARK [0][-]{chapter.1}{\376\377\011\223\011\337\011\307\011\254\000\040\011\241\011\277\011\234\011\276\011\207\011\250\000\040\011\252\011\260\011\277\011\232\011\277\011\244\011\277\000\040\011\217\011\254\011\202\000\040\000H\000T\000M\000L}{}% 1
\BOOKMARK [1][-]{section.1.1}{\376\377\011\223\011\337\011\307\011\254\000\040\011\241\011\277\011\234\011\276\011\207\011\250\011\307\011\260\000\040\011\247\011\276\011\260\011\243\011\276}{chapter.1}% 2
\BOOKMARK [2][-]{subsection.1.1.1}{\376\377\011\223\011\337\011\307\011\254\000\040\011\241\011\277\011\234\011\276\011\207\011\250\000\040\011\225\011\300}{section.1.1}% 3
\BOOKMARK [2][-]{subsection.1.1.2}{\376\377\000S\000t\000a\000t\000i\000c\000\040\011\223\000\040\000D\000y\000n\000a\000m\000i\000c\000\040\011\223\011\337\011\307\011\254\011\270\011\276\011\207\011\237}{section.1.1}% 4
\BOOKMARK [2][-]{subsection.1.1.3}{\376\377\011\223\011\337\011\307\011\254\011\270\011\276\011\207\011\237\000\040\011\244\011\310\011\260\011\277\011\260\000\040\011\247\011\276\011\252}{section.1.1}% 5
\BOOKMARK [1][-]{section.1.2}{\376\377\011\223\011\337\011\307\011\254\011\270\011\276\011\207\011\237\011\307\011\260\000\040\011\225\011\276\011\240\011\276\011\256\011\313}{chapter.1}% 6
\BOOKMARK [2][-]{subsection.1.2.1}{\376\377\011\225\011\276\011\240\011\276\011\256\011\313\011\260\000\040\011\247\011\276\011\260\011\243\011\276}{section.1.2}% 7
\BOOKMARK [2][-]{subsection.1.2.2}{\376\377\011\225\011\276\011\240\011\276\011\256\011\313\011\260\000\040\011\247\011\260\011\250}{section.1.2}% 8
\BOOKMARK [2][-]{subsection.1.2.3}{\376\377\000W\000e\000b\000s\000i\000t\000e\000\040\011\244\011\310\011\260\011\277\000\040\011\225\011\260\011\244\011\307\000\040\011\225\011\300\000\040\011\225\011\300\000\040\011\262\011\276\011\227\011\307}{section.1.2}% 9
\BOOKMARK [1][-]{section.1.3}{\376\377\000H\000T\000M\000L\000-\011\217\011\260\000\040\011\256\011\314\011\262\011\277\011\225\000\040\011\254\011\277\011\267\011\337}{chapter.1}% 10
\BOOKMARK [2][-]{subsection.1.3.1}{\376\377\000H\000T\000M\000L\000\040\011\225\011\300}{section.1.3}% 11
\BOOKMARK [2][-]{subsection.1.3.2}{\376\377\000H\000T\000M\000L\000,\000\040\000C\000S\000S\000\040\011\223\000\040\000J\000a\000v\000a\000S\000c\000r\000i\000p\000t}{section.1.3}% 12
\BOOKMARK [2][-]{subsection.1.3.3}{\376\377\000H\000T\000M\000L\000\040\011\237\011\315\011\257\011\276\011\227\011\307\011\260\000\040\011\244\011\276\011\262\011\277\011\225\011\276\000\040\011\223\000\040\011\211\011\246\011\276\011\271\011\260\011\243}{section.1.3}% 13
\BOOKMARK [1][-]{section.1.4}{\376\377\011\237\011\315\011\257\011\276\011\227\000\040\011\223\000\040\011\270\011\277\011\250\011\237\011\315\011\257\011\276\011\225\011\315\011\270}{chapter.1}% 14
\BOOKMARK [2][-]{subsection.1.4.1}{\376\377\000T\000a\000g\000,\000\040\000E\000l\000e\000m\000e\000n\000t\000\040\011\223\000\040\000A\000t\000t\000r\000i\000b\000u\000t\000e}{section.1.4}% 15
\BOOKMARK [2][-]{subsection.1.4.2}{\376\377\011\237\011\315\011\257\011\276\011\227\011\307\011\260\000\040\011\247\011\260\011\250}{section.1.4}% 16
\BOOKMARK [2][-]{subsection.1.4.3}{\376\377\000C\000o\000m\000m\000o\000n\000\040\000t\000a\000g\000\040\000e\000x\000a\000m\000p\000l\000e\000s}{section.1.4}% 17
\BOOKMARK [1][-]{section.1.5}{\376\377\000H\000T\000M\000L\000\040\000D\000o\000c\000u\000m\000e\000n\000t\000-\011\217\011\260\000\040\011\256\011\314\011\262\011\277\011\225\000\040\011\225\011\276\011\240\011\276\011\256\011\313}{chapter.1}% 18
\BOOKMARK [2][-]{subsection.1.5.1}{\376\377\011\255\011\302\011\256\011\277\011\225\011\276}{section.1.5}% 19
\BOOKMARK [2][-]{subsection.1.5.2}{\376\377\000B\000a\000s\000i\000c\000\040\000H\000T\000M\000L\000\040\000S\000t\000r\000u\000c\000t\000u\000r\000e}{section.1.5}% 20
\BOOKMARK [2][-]{subsection.1.5.3}{\376\377\000S\000t\000r\000u\000c\000t\000u\000r\000e\000-\011\217\011\260\000\040\011\252\011\315\011\260\011\247\011\276\011\250\000\040\011\205\011\202\011\266}{section.1.5}% 21
\BOOKMARK [2][-]{subsection.1.5.4}{\376\377\000H\000e\000a\000d\000\040\011\223\000\040\000B\000o\000d\000y\000-\011\217\011\260\000\040\011\252\011\276\011\260\011\315\011\245\011\225\011\315\011\257}{section.1.5}% 22
\BOOKMARK [2][-]{subsection.1.5.5}{\376\377\000H\000T\000M\000L\000\040\000S\000t\000r\000u\000c\000t\000u\000r\000e\000\040\000D\000i\000a\000g\000r\000a\000m}{section.1.5}% 23
\BOOKMARK [2][-]{subsection.1.5.6}{\376\377\000C\000o\000m\000p\000l\000e\000t\000e\000\040\000E\000x\000a\000m\000p\000l\000e\000:\000\040\000C\000o\000l\000l\000e\000g\000e\000\040\000W\000e\000b\000\040\000P\000a\000g\000e}{section.1.5}% 24
\BOOKMARK [2][-]{subsection.1.5.7}{\376\377\000H\000T\000M\000L\000\040\000F\000i\000l\000e\000\040\000S\000a\000v\000e\000\040\011\225\011\260\011\276\011\260\000\040\011\250\011\277\011\337\011\256}{section.1.5}% 25
\BOOKMARK [2][-]{subsection.1.5.8}{\376\377\011\252\011\260\011\300\011\225\011\315\011\267\011\276\011\260\000\040\011\234\011\250\011\315\011\257\000\040\011\270\011\202\011\225\011\315\011\267\011\277\011\252\011\315\011\244\000\040\011\211\011\244\011\315\011\244\011\260}{section.1.5}% 26
\BOOKMARK [2][-]{subsection.1.5.9}{\376\377\011\233\011\313\011\237\000\040\011\252\011\315\011\260\011\266\011\315\011\250\011\313\011\244\011\315\011\244\011\260}{section.1.5}% 27
\BOOKMARK [2][-]{subsection.1.5.10}{\376\377\000E\000x\000a\000m\000\040\000F\000o\000c\000u\000s\000\040\000M\000C\000Q}{section.1.5}% 28
\BOOKMARK [1][-]{section.1.6}{\376\377\000H\000T\000M\000L\000-\011\217\000\040\000T\000e\000x\000t\000\040\000F\000o\000r\000m\000a\000t\000t\000i\000n\000g}{chapter.1}% 29
\BOOKMARK [2][-]{subsection.1.6.1}{\376\377\000T\000e\000x\000t\000\040\000F\000o\000r\000m\000a\000t\000t\000i\000n\000g\000\040\011\225\011\300\000?}{section.1.6}% 30
\BOOKMARK [2][-]{subsection.1.6.2}{\376\377\000H\000e\000a\000d\000i\000n\000g\000\040\000T\000a\000g\000:\000\040\000<\000h\0001\000>\000\040\011\245\011\307\011\225\011\307\000\040\000<\000h\0006\000>}{section.1.6}% 31
\BOOKMARK [2][-]{subsection.1.6.3}{\376\377\000P\000a\000r\000a\000g\000r\000a\000p\000h\000\040\000T\000a\000g\000:\000\040\000<\000p\000>}{section.1.6}% 32
\BOOKMARK [2][-]{subsection.1.6.4}{\376\377\000L\000i\000n\000e\000\040\000B\000r\000e\000a\000k\000\040\000T\000a\000g\000:\000\040\000<\000b\000r\000>}{section.1.6}% 33
\BOOKMARK [2][-]{subsection.1.6.5}{\376\377\000H\000o\000r\000i\000z\000o\000n\000t\000a\000l\000\040\000R\000u\000l\000e\000:\000\040\000<\000h\000r\000>}{section.1.6}% 34
\BOOKMARK [2][-]{subsection.1.6.6}{\376\377\000C\000o\000m\000m\000o\000n\000\040\000T\000e\000x\000t\000\040\000F\000o\000r\000m\000a\000t\000t\000i\000n\000g\000\040\000T\000a\000g\000s}{section.1.6}% 35
\BOOKMARK [2][-]{subsection.1.6.7}{\376\377\000F\000o\000n\000t\000\040\000T\000a\000g\000:\000\040\000<\000f\000o\000n\000t\000>}{section.1.6}% 36
\BOOKMARK [2][-]{subsection.1.6.8}{\376\377\000C\000o\000l\000o\000r\000\040\011\254\011\315\011\257\011\254\011\271\011\276\011\260}{section.1.6}% 37
\BOOKMARK [2][-]{subsection.1.6.9}{\376\377\000B\000a\000c\000k\000g\000r\000o\000u\000n\000d\000\040\000C\000o\000l\000o\000r\000:\000\040\000b\000g\000c\000o\000l\000o\000r\000\040\000a\000t\000t\000r\000i\000b\000u\000t\000e}{section.1.6}% 38
\BOOKMARK [2][-]{subsection.1.6.10}{\376\377\000T\000e\000x\000t\000\040\000A\000l\000i\000g\000n\000m\000e\000n\000t\000:\000\040\000a\000l\000i\000g\000n\000\040\000a\000t\000t\000r\000i\000b\000u\000t\000e}{section.1.6}% 39
\BOOKMARK [2][-]{subsection.1.6.11}{\376\377\000T\000e\000x\000t\000\040\000F\000o\000r\000m\000a\000t\000t\000i\000n\000g\000\040\000T\000a\000g\000\040\000T\000a\000b\000l\000e}{section.1.6}% 40
\BOOKMARK [2][-]{subsection.1.6.12}{\376\377\000C\000o\000m\000p\000l\000e\000t\000e\000\040\000E\000x\000a\000m\000p\000l\000e\000\040\000C\000o\000d\000e}{section.1.6}% 41
\BOOKMARK [2][-]{subsection.1.6.13}{\376\377\011\252\011\260\011\300\011\225\011\315\011\267\011\276\011\260\000\040\011\234\011\250\011\315\011\257\000\040\011\270\011\202\011\225\011\315\011\267\011\277\011\252\011\315\011\244\000\040\011\211\011\244\011\315\011\244\011\260}{section.1.6}% 42
\BOOKMARK [2][-]{subsection.1.6.14}{\376\377\011\233\011\313\011\237\000\040\011\252\011\315\011\260\011\266\011\315\011\250\011\313\011\244\011\315\011\244\011\260}{section.1.6}% 43
\BOOKMARK [2][-]{subsection.1.6.15}{\376\377\000E\000x\000a\000m\000\040\000F\000o\000c\000u\000s\000\040\000M\000C\000Q}{section.1.6}% 44
\BOOKMARK [1][-]{section.1.7}{\376\377\011\241\011\277\011\234\011\276\011\207\011\250\000:\000\040\011\270\011\315\011\237\011\315\011\260\011\276\011\225\011\232\011\276\011\260\000\040\011\223\000\040\011\262\011\307\011\206\011\211\011\237}{chapter.1}% 45
\BOOKMARK [2][-]{subsection.1.7.1}{\376\377\011\262\011\307\011\206\011\211\011\237\011\307\011\260\000\040\011\247\011\276\011\260\011\243\011\276}{section.1.7}% 46
\BOOKMARK [2][-]{subsection.1.7.2}{\376\377\011\262\011\307\011\206\011\211\011\237\011\307\011\260\000\040\011\247\011\260\011\250}{section.1.7}% 47
\BOOKMARK [1][-]{section.1.8}{\376\377\011\271\011\276\011\207\011\252\011\276\011\260\011\262\011\277\011\231\011\315\011\225\000\040\011\223\000\040\011\250\011\307\011\255\011\277\011\227\011\307\011\266\011\250}{chapter.1}% 48
\BOOKMARK [2][-]{subsection.1.8.1}{\376\377\000H\000y\000p\000e\000r\000l\000i\000n\000k}{section.1.8}% 49
\BOOKMARK [2][-]{subsection.1.8.2}{\376\377\000E\000x\000a\000m\000p\000l\000e\000s}{section.1.8}% 50
\BOOKMARK [1][-]{section.1.9}{\376\377\011\207\011\256\011\307\011\234\000\040\011\250\011\277\011\337\011\250\011\315\011\244\011\315\011\260\011\243\000\040\011\223\000\040\011\254\011\315\011\257\011\254\011\271\011\276\011\260}{chapter.1}% 51
\BOOKMARK [2][-]{subsection.1.9.1}{\376\377\000I\000m\000a\000g\000e\000\040\000t\000a\000g}{section.1.9}% 52
\BOOKMARK [2][-]{subsection.1.9.2}{\376\377\000E\000x\000a\000m\000p\000l\000e\000s}{section.1.9}% 53
\BOOKMARK [1][-]{section.1.10}{\376\377\011\237\011\307\011\254\011\277\011\262\000\040\011\223\000\040\011\241\011\307\011\237\011\276\000\040\011\211\011\252\011\270\011\315\011\245\011\276\011\252\011\250}{chapter.1}% 54
\BOOKMARK [2][-]{subsection.1.10.1}{\376\377\000T\000a\000b\000l\000e\000\040\000t\000a\000g}{section.1.10}% 55
\BOOKMARK [2][-]{subsection.1.10.2}{\376\377\000R\000o\000w\000s\000p\000a\000n\000/\000C\000o\000l\000s\000p\000a\000n\000\040\000E\000x\000a\000m\000p\000l\000e}{section.1.10}% 56
\BOOKMARK [1][-]{section.1.11}{\376\377\011\253\011\260\011\315\011\256\000\040\011\223\000\040\011\241\011\307\011\237\011\276\000\040\011\270\011\202\011\227\011\315\011\260\011\271}{chapter.1}% 57
\BOOKMARK [2][-]{subsection.1.11.1}{\376\377\000F\000o\000r\000m}{section.1.11}% 58
\BOOKMARK [2][-]{subsection.1.11.2}{\376\377\000C\000o\000m\000m\000o\000n\000\040\000I\000n\000p\000u\000t\000\040\000T\000y\000p\000e\000s}{section.1.11}% 59
\BOOKMARK [2][-]{subsection.1.11.3}{\376\377\000G\000E\000T\000\040\011\223\000\040\000P\000O\000S\000T}{section.1.11}% 60
\BOOKMARK [1][-]{section.1.12}{\376\377\011\223\011\337\011\307\011\254\000\040\011\252\011\307\011\234\000\040\011\241\011\277\011\234\011\276\011\207\011\250\000\040\011\252\011\246\011\315\011\247\011\244\011\277}{chapter.1}% 61
\BOOKMARK [2][-]{subsection.1.12.1}{\376\377\000D\000e\000s\000i\000g\000n\000\040\000w\000o\000r\000k\000f\000l\000o\000w}{section.1.12}% 62
\BOOKMARK [2][-]{subsection.1.12.2}{\376\377\000S\000i\000m\000p\000l\000e\000\040\000H\000T\000M\000L\000\040\000S\000t\000r\000u\000c\000t\000u\000r\000e\000\040\000E\000x\000a\000m\000p\000l\000e}{section.1.12}% 63
\BOOKMARK [1][-]{section.1.13}{\376\377\011\223\011\337\011\307\011\254\011\270\011\276\011\207\011\237\000\040\011\252\011\315\011\260\011\225\011\276\011\266\000\040\011\223\000\040\011\271\011\313\011\270\011\315\011\237\011\277\011\202}{chapter.1}% 64
\BOOKMARK [2][-]{subsection.1.13.1}{\376\377\000D\000o\000m\000a\000i\000n\000\040\011\223\000\040\000H\000o\000s\000t\000i\000n\000g}{section.1.13}% 65
\BOOKMARK [2][-]{subsection.1.13.2}{\376\377\000Q\000u\000i\000c\000k\000\040\000p\000u\000b\000l\000i\000s\000h\000\040\000s\000t\000e\000p\000s}{section.1.13}% 66
\BOOKMARK [1][-]{section.1.14}{\376\377\011\205\011\250\011\301\011\266\011\300\011\262\011\250\011\300}{chapter.1}% 67
