\BOOKMARK [0][-]{chapter.1}{\376\377\011\244\011\245\011\315\011\257\000\040\011\223\000\040\011\257\011\313\011\227\011\276\011\257\011\313\011\227\000\040\011\252\011\315\011\260\011\257\011\301\011\225\011\315\011\244\011\277\000:\000\040\011\254\011\277\011\266\011\315\011\254\000\040\011\223\000\040\011\254\011\276\011\202\011\262\011\276\011\246\011\307\011\266\000\040\011\252\011\315\011\260\011\307\011\225\011\315\011\267\011\277\011\244}{}% 1
\BOOKMARK [1][-]{section.1.1}{\376\377\011\254\011\277\011\266\011\315\011\254\011\227\011\315\011\260\011\276\011\256}{chapter.1}% 2
\BOOKMARK [2][-]{subsection.1.1.1}{\376\377\011\254\011\277\011\266\011\315\011\254\011\227\011\315\011\260\011\276\011\256\011\307\011\260\000\040\011\247\011\276\011\260\011\243\011\276}{section.1.1}% 3
\BOOKMARK [2][-]{subsection.1.1.2}{\376\377\011\257\011\313\011\227\011\276\011\257\011\313\011\227\000\040\011\223\000\040\011\237\011\307\011\262\011\277\011\225\011\250\011\253\011\276\011\260\011\307\011\250\011\315\011\270\011\277\011\202}{section.1.1}% 4
\BOOKMARK [2][-]{subsection.1.1.3}{\376\377\011\225\011\260\011\315\011\256\011\270\011\202\011\270\011\315\011\245\011\276\011\250}{section.1.1}% 5
\BOOKMARK [2][-]{subsection.1.1.4}{\376\377\011\266\011\277\011\225\011\315\011\267\011\276}{section.1.1}% 6
\BOOKMARK [2][-]{subsection.1.1.5}{\376\377\011\232\011\277\011\225\011\277\011\316\011\270\011\276\000\040\011\223\000\040\011\237\011\307\011\262\011\277\011\256\011\307\011\241\011\277\011\270\011\277\011\250}{section.1.1}% 7
\BOOKMARK [2][-]{subsection.1.1.6}{\376\377\011\227\011\254\011\307\011\267\011\243\011\276}{section.1.1}% 8
\BOOKMARK [2][-]{subsection.1.1.7}{\376\377\011\205\011\253\011\277\011\270}{section.1.1}% 9
\BOOKMARK [2][-]{subsection.1.1.8}{\376\377\011\254\011\276\011\270\011\270\011\315\011\245\011\276\011\250}{section.1.1}% 10
\BOOKMARK [2][-]{subsection.1.1.9}{\376\377\011\254\011\315\011\257\011\254\011\270\011\276\000-\011\254\011\276\011\243\011\277\011\234\011\315\011\257\000\040\011\223\000\040\011\207\000-\011\225\011\256\011\276\011\260\011\315\011\270}{section.1.1}% 11
\BOOKMARK [2][-]{subsection.1.1.10}{\376\377\011\270\011\202\011\254\011\276\011\246}{section.1.1}% 12
\BOOKMARK [2][-]{subsection.1.1.11}{\376\377\011\254\011\277\011\250\011\313\011\246\011\250\000\040\011\223\000\040\011\270\011\276\011\256\011\276\011\234\011\277\011\225\000\040\011\257\011\313\011\227\011\276\011\257\011\313\011\227}{section.1.1}% 13
\BOOKMARK [2][-]{subsection.1.1.12}{\376\377\011\270\011\276\011\202\011\270\011\315\011\225\011\303\011\244\011\277\011\225\000\040\011\254\011\277\011\250\011\277\011\256\011\337}{section.1.1}% 14
\BOOKMARK [1][-]{section.1.2}{\376\377\011\254\011\277\011\266\011\315\011\254\011\227\011\315\011\260\011\276\011\256\000\040\011\252\011\315\011\260\011\244\011\277\011\267\011\315\011\240\011\276\011\260\000\040\011\211\011\252\011\276\011\246\011\276\011\250\000\040\011\223\000\040\011\244\011\245\011\315\011\257\000\040\011\223\000\040\011\257\011\313\011\227\011\276\011\257\011\313\011\227\000\040\011\252\011\315\011\260\011\257\011\301\011\225\011\315\011\244\011\277\011\260\000\040\011\205\011\254\011\246\011\276\011\250}{chapter.1}% 15
\BOOKMARK [2][-]{subsection.1.2.1}{\376\377\011\254\011\277\011\266\011\315\011\254\011\227\011\315\011\260\011\276\011\256\000\040\011\252\011\315\011\260\011\244\011\277\011\267\011\315\011\240\011\276\011\260\000\040\011\252\011\315\011\260\011\247\011\276\011\250\000\040\011\211\011\252\011\276\011\246\011\276\011\250}{section.1.2}% 16
\BOOKMARK [2][-]{subsection.1.2.2}{\376\377\011\271\011\276\011\260\011\315\011\241\011\223\011\337\011\315\011\257\011\276\011\260}{section.1.2}% 17
\BOOKMARK [2][-]{subsection.1.2.3}{\376\377\011\270\011\253\011\237\011\223\011\337\011\315\011\257\011\276\011\260}{section.1.2}% 18
\BOOKMARK [2][-]{subsection.1.2.4}{\376\377\011\241\011\307\011\237\011\276\000\040\011\223\000\040\011\244\011\245\011\315\011\257\011\255\011\276\011\250\011\315\011\241\011\276\011\260}{section.1.2}% 19
\BOOKMARK [2][-]{subsection.1.2.5}{\376\377\011\250\011\307\011\237\011\223\011\337\011\276\011\260\011\315\011\225\000\040\011\223\000\040\011\207\011\250\011\315\011\237\011\276\011\260\011\250\011\307\011\237}{section.1.2}% 20
\BOOKMARK [2][-]{subsection.1.2.6}{\376\377\011\256\011\276\011\250\011\301\011\267\011\307\011\260\000\040\011\234\011\315\011\236\011\276\011\250\000\040\011\223\000\040\011\246\011\225\011\315\011\267\011\244\011\276}{section.1.2}% 21
\BOOKMARK [2][-]{subsection.1.2.7}{\376\377\011\266\011\277\011\225\011\315\011\267\011\276\011\337\000\040\011\244\011\245\011\315\011\257\000\040\011\223\000\040\011\257\011\313\011\227\011\276\011\257\011\313\011\227\000\040\011\252\011\315\011\260\011\257\011\301\011\225\011\315\011\244\011\277\011\260\000\040\011\205\011\254\011\246\011\276\011\250}{section.1.2}% 22
\BOOKMARK [2][-]{subsection.1.2.8}{\376\377\011\232\011\277\011\225\011\277\011\316\011\270\011\276\011\337\000\040\011\244\011\245\011\315\011\257\000\040\011\223\000\040\011\257\011\313\011\227\011\276\011\257\011\313\011\227\000\040\011\252\011\315\011\260\011\257\011\301\011\225\011\315\011\244\011\277\011\260\000\040\011\205\011\254\011\246\011\276\011\250}{section.1.2}% 23
\BOOKMARK [2][-]{subsection.1.2.9}{\376\377\011\254\011\315\011\257\011\254\011\270\011\276\000-\011\254\011\276\011\243\011\277\011\234\011\315\011\257\011\307\000\040\011\244\011\245\011\315\011\257\000\040\011\223\000\040\011\257\011\313\011\227\011\276\011\257\011\313\011\227\000\040\011\252\011\315\011\260\011\257\011\301\011\225\011\315\011\244\011\277\011\260\000\040\011\205\011\254\011\246\011\276\011\250}{section.1.2}% 24
\BOOKMARK [2][-]{subsection.1.2.10}{\376\377\011\227\011\254\011\307\011\267\011\243\011\276\011\337\000\040\011\244\011\245\011\315\011\257\000\040\011\223\000\040\011\257\011\313\011\227\011\276\011\257\011\313\011\227\000\040\011\252\011\315\011\260\011\257\011\301\011\225\011\315\011\244\011\277\011\260\000\040\011\205\011\254\011\246\011\276\011\250}{section.1.2}% 25
\BOOKMARK [2][-]{subsection.1.2.11}{\376\377\011\225\011\260\011\315\011\256\011\270\011\202\011\270\011\315\011\245\011\276\011\250\011\307\000\040\011\244\011\245\011\315\011\257\000\040\011\223\000\040\011\257\011\313\011\227\011\276\011\257\011\313\011\227\000\040\011\252\011\315\011\260\011\257\011\301\011\225\011\315\011\244\011\277\011\260\000\040\011\205\011\254\011\246\011\276\011\250}{section.1.2}% 26
\BOOKMARK [1][-]{section.1.3}{\376\377\011\255\011\276\011\260\011\315\011\232\011\301\011\337\011\276\011\262\000\040\011\260\011\277\011\337\011\307\011\262\011\277\011\237\011\277}{chapter.1}% 27
\BOOKMARK [2][-]{subsection.1.3.1}{\376\377\011\255\011\276\011\260\011\315\011\232\011\301\011\337\011\276\011\262\000\040\011\260\011\277\011\337\011\307\011\262\011\277\011\237\011\277\011\260\000\040\011\247\011\276\011\260\011\243\011\276}{section.1.3}% 28
\BOOKMARK [2][-]{subsection.1.3.2}{\376\377\011\255\011\276\011\260\011\315\011\232\011\301\011\337\011\276\011\262\000\040\011\260\011\277\011\337\011\307\011\262\011\277\011\237\011\277\011\260\000\040\011\211\011\252\011\276\011\246\011\276\011\250}{section.1.3}% 29
\BOOKMARK [2][-]{subsection.1.3.3}{\376\377\000V\000R\000,\000\040\000A\000R\000\040\011\223\000\040\000S\000i\000m\000u\000l\000a\000t\000i\000o\000n\000-\011\217\011\260\000\040\011\252\011\276\011\260\011\315\011\245\011\225\011\315\011\257}{section.1.3}% 30
\BOOKMARK [2][-]{subsection.1.3.4}{\376\377\011\252\011\315\011\260\011\276\011\244\011\315\011\257\011\271\011\277\011\225\000\040\011\234\011\300\011\254\011\250\011\307\000\040\011\255\011\276\011\260\011\315\011\232\011\301\011\337\011\276\011\262\000\040\011\260\011\277\011\337\011\307\011\262\011\277\011\237\011\277\011\260\000\040\011\252\011\315\011\260\011\255\011\276\011\254}{section.1.3}% 31
\BOOKMARK [2][-]{subsection.1.3.5}{\376\377\011\255\011\276\011\260\011\315\011\232\011\301\011\257\011\274\011\276\011\262\000\040\011\260\011\277\011\257\011\274\011\307\011\262\011\277\011\237\011\277\011\260\000\040\011\207\011\244\011\277\011\271\011\276\011\270}{section.1.3}% 32
\BOOKMARK [2][-]{subsection.1.3.6}{\376\377\011\206\011\247\011\301\011\250\011\277\011\225\000\040\011\255\011\276\011\260\011\315\011\232\011\301\011\257\011\274\011\276\011\262\000\040\011\260\011\277\011\257\011\274\011\307\011\262\011\277\011\237\011\277\000\040\011\271\011\276\011\260\011\315\011\241\011\223\011\257\011\274\011\315\011\257\011\276\011\260\000\040\000\050\000V\000R\000\040\000H\000e\000a\000d\000s\000e\000t\000s\000\051}{section.1.3}% 33
\BOOKMARK [2][-]{subsection.1.3.7}{\376\377\000V\000R\000\040\000T\000r\000a\000c\000k\000i\000n\000g\000\040\011\217\011\254\011\202\000\040\000M\000o\000t\000i\000o\000n\000\040\000C\000a\000p\000t\000u\000r\000e\000\040\011\270\011\277\011\270\011\315\011\237\011\307\011\256}{section.1.3}% 34
\BOOKMARK [2][-]{subsection.1.3.8}{\376\377\011\232\011\277\011\225\011\277\011\316\011\270\011\276\000\040\011\266\011\277\011\225\011\315\011\267\011\276\000\040\011\217\011\254\011\202\000\040\011\205\011\270\011\315\011\244\011\315\011\260\011\313\011\252\011\232\011\276\011\260\000\040\011\252\011\315\011\260\011\266\011\277\011\225\011\315\011\267\011\243\011\307\000\040\000V\000R}{section.1.3}% 35
\BOOKMARK [2][-]{subsection.1.3.9}{\376\377\011\256\011\307\011\241\011\277\011\225\011\307\011\262\000\040\011\260\011\277\011\271\011\315\011\257\011\276\011\254\011\277\011\262\011\277\011\237\011\307\011\266\011\250\000\040\011\217\011\254\011\202\000\040\011\245\011\307\011\260\011\276\011\252\011\277\011\244\011\307\000\040\000V\000R}{section.1.3}% 36
\BOOKMARK [2][-]{subsection.1.3.10}{\376\377\011\252\011\276\011\207\011\262\011\237\000\040\011\217\011\254\011\202\000\040\011\253\011\315\011\262\011\276\011\207\011\237\000\040\011\270\011\277\011\256\011\301\011\262\011\307\011\237\011\260\000\040\011\252\011\315\011\260\011\266\011\277\011\225\011\315\011\267\011\243}{section.1.3}% 37
\BOOKMARK [2][-]{subsection.1.3.11}{\376\377\011\227\011\307\011\256\011\277\011\202\000\040\011\217\011\254\011\202\000\040\011\254\011\277\011\250\011\313\011\246\011\250\011\307\000\040\011\255\011\276\011\260\011\315\011\232\011\301\011\257\011\274\011\276\011\262\000\040\011\260\011\277\011\257\011\274\011\307\011\262\011\277\011\237\011\277}{section.1.3}% 38
\BOOKMARK [2][-]{subsection.1.3.12}{\376\377\011\241\011\276\011\237\011\276\000\040\011\227\011\315\011\262\011\276\011\255\000\040\011\217\011\254\011\202\000\040\011\256\011\313\011\266\011\250\000\040\011\237\011\315\011\260\011\315\011\257\011\276\011\225\011\277\011\202\000\040\011\241\011\277\011\255\011\276\011\207\011\270}{section.1.3}% 39
\BOOKMARK [2][-]{subsection.1.3.13}{\376\377\011\255\011\276\011\260\011\315\011\232\011\301\011\257\011\274\011\276\011\262\000\040\011\260\011\277\011\257\011\274\011\307\011\262\011\277\011\237\011\277\011\260\000\040\011\227\011\301\011\260\011\301\011\244\011\315\011\254\011\252\011\302\011\260\011\315\011\243\000\040\011\252\011\260\011\276\011\256\011\277\011\244\011\277\000\040\011\217\011\254\011\202\000\040\011\256\011\307\011\237\011\315\011\260\011\277\011\225\011\315\011\270}{section.1.3}% 40
\BOOKMARK [2][-]{subsection.1.3.14}{\376\377\011\255\011\276\011\260\011\315\011\232\011\301\011\257\011\274\011\276\011\262\000\040\011\260\011\277\011\257\011\274\011\307\011\262\011\277\011\237\011\277\011\260\000\040\011\270\011\315\011\254\011\276\011\270\011\315\011\245\011\315\011\257\000\040\011\235\011\301\011\201\011\225\011\277\000\040\011\217\011\254\011\202\000\040\011\270\011\244\011\260\011\315\011\225\011\244\011\276\000\040\000\050\000H\000S\000C\000\040\011\217\011\260\000\040\011\234\011\250\011\315\011\257\000\040\011\227\011\301\011\260\011\301\011\244\011\315\011\254\011\252\011\302\011\260\011\315\011\243\000\051}{section.1.3}% 41
\BOOKMARK [2][-]{subsection.1.3.15}{\376\377\011\255\011\254\011\277\011\267\011\315\011\257\011\244\011\307\011\260\000\040\011\255\011\276\011\260\011\315\011\232\011\301\011\257\011\274\011\276\011\262\000\040\011\260\011\277\011\257\011\274\011\307\011\262\011\277\011\237\011\277\000\040\000\050\000H\000S\000C\000\040\011\217\011\260\000\040\011\234\011\250\011\315\011\257\000\040\011\255\011\254\011\277\011\267\011\315\011\257\011\244\000\040\011\246\011\303\011\267\011\315\011\237\011\277\011\255\011\231\011\315\011\227\011\277\000\051}{section.1.3}% 42
\BOOKMARK [2][-]{subsection.1.3.16}{\376\377\011\255\011\276\011\260\011\315\011\232\011\301\011\257\011\274\011\276\011\262\000\040\011\260\011\277\011\257\011\274\011\307\011\262\011\277\011\237\011\277\000\040\011\217\011\254\011\202\000\040\011\270\011\276\011\256\011\276\011\234\011\277\011\225\000\040\011\252\011\315\011\260\011\255\011\276\011\254\000\040\000\050\000H\000S\000C\000\040\011\270\011\256\011\276\011\234\000\040\011\254\011\277\011\234\011\315\011\236\011\276\011\250\011\307\011\260\000\040\011\234\011\250\011\315\011\257\000\051}{section.1.3}% 43
\BOOKMARK [2][-]{subsection.1.3.17}{\376\377\011\255\011\276\011\260\011\315\011\232\011\301\011\337\011\276\011\262\000\040\011\260\011\277\011\337\011\307\011\262\011\277\011\237\011\277\011\260\000\040\011\254\011\315\011\257\011\254\011\271\011\276\011\260\011\225\011\315\011\267\011\307\011\244\011\315\011\260}{section.1.3}% 44
\BOOKMARK [2][-]{subsection.1.3.18}{\376\377\011\255\011\276\011\260\011\315\011\232\011\301\011\337\011\276\011\262\000\040\011\260\011\277\011\337\011\307\011\262\011\277\011\237\011\277\011\260\000\040\011\270\011\301\011\254\011\277\011\247\011\276}{section.1.3}% 45
\BOOKMARK [2][-]{subsection.1.3.19}{\376\377\011\255\011\276\011\260\011\315\011\232\011\301\011\337\011\276\011\262\000\040\011\260\011\277\011\337\011\307\011\262\011\277\011\237\011\277\011\260\000\040\011\205\011\270\011\301\011\254\011\277\011\247\011\276}{section.1.3}% 46
\BOOKMARK [1][-]{section.1.4}{\376\377\011\244\011\245\011\315\011\257\000\040\011\223\000\040\011\257\011\313\011\227\011\276\011\257\011\313\011\227\000\040\011\252\011\315\011\260\011\257\011\301\011\225\011\315\011\244\011\277\011\260\000\040\011\270\011\276\011\256\011\315\011\252\011\315\011\260\011\244\011\277\011\225\000\040\011\252\011\315\011\260\011\254\011\243\011\244\011\276}{chapter.1}% 47
\BOOKMARK [2][-]{subsection.1.4.1}{\376\377\011\225\011\303\011\244\011\315\011\260\011\277\011\256\000\040\011\254\011\301\011\246\011\315\011\247\011\277\011\256\011\244\011\315\011\244\011\276}{section.1.4}% 48
\BOOKMARK [2][-]{subsection.1.4.2}{\376\377\011\260\011\313\011\254\011\237\011\277\011\225\011\270}{section.1.4}% 49
\BOOKMARK [2][-]{subsection.1.4.3}{\376\377\011\225\011\315\011\260\011\276\011\337\011\313\011\270\011\276\011\260\011\315\011\234\011\276\011\260\011\277}{section.1.4}% 50
\BOOKMARK [2][-]{subsection.1.4.4}{\376\377\011\256\011\271\011\276\011\225\011\276\011\266\000\040\011\205\011\255\011\277\011\257\011\276\011\250}{section.1.4}% 51
\BOOKMARK [2][-]{subsection.1.4.5}{\376\377\011\206\011\207\011\270\011\277\011\237\011\277\000\040\011\250\011\277\011\260\011\315\011\255\011\260\000\040\011\211\011\316\011\252\011\276\011\246\011\250\000\040\011\254\011\315\011\257\011\254\011\270\011\315\011\245\011\276}{section.1.4}% 52
\BOOKMARK [2][-]{subsection.1.4.6}{\376\377\011\252\011\315\011\260\011\244\011\277\011\260\011\225\011\315\011\267\011\276}{section.1.4}% 53
\BOOKMARK [2][-]{subsection.1.4.7}{\376\377\011\254\011\276\011\337\011\313\011\256\011\307\011\237\011\315\011\260\011\277\011\225\011\315\011\270}{section.1.4}% 54
\BOOKMARK [2][-]{subsection.1.4.8}{\376\377\011\254\011\276\011\337\011\313\011\207\011\250\011\253\011\260\011\256\011\307\011\237\011\277\011\225\011\315\011\270}{section.1.4}% 55
\BOOKMARK [2][-]{subsection.1.4.9}{\376\377\011\234\011\307\011\250\011\307\011\237\011\277\011\225\000\040\011\207\011\236\011\315\011\234\011\277\011\250\011\277\011\337\011\276\011\260\011\277\011\202}{section.1.4}% 56
\BOOKMARK [2][-]{subsection.1.4.10}{\376\377\011\250\011\315\011\257\011\276\011\250\011\313\000\040\011\237\011\307\011\225\011\250\011\313\011\262\011\234\011\277}{section.1.4}% 57
\BOOKMARK [1][-]{section.1.5}{\376\377\011\244\011\245\011\315\011\257\000\040\011\223\000\040\011\257\011\313\011\227\011\276\011\257\011\313\011\227\000\040\011\252\011\315\011\260\011\257\011\301\011\225\011\315\011\244\011\277\000\040\011\254\011\315\011\257\011\254\011\271\011\276\011\260\011\307\000\040\011\250\011\310\011\244\011\277\011\225\011\244\011\276}{chapter.1}% 58
\BOOKMARK [2][-]{subsection.1.5.1}{\376\377\011\244\011\245\011\315\011\257\011\307\011\260\000\040\011\227\011\313\011\252\011\250\011\300\011\337\011\244\011\276}{section.1.5}% 59
\BOOKMARK [2][-]{subsection.1.5.2}{\376\377\011\225\011\252\011\277\011\260\011\276\011\207\011\237\000\040\011\223\000\040\011\256\011\307\011\247\011\276\011\270\011\315\011\254\011\244\011\315\011\254}{section.1.5}% 60
\BOOKMARK [2][-]{subsection.1.5.3}{\376\377\011\270\011\253\011\237\011\223\011\337\011\315\011\257\011\276\011\260\000\040\011\252\011\276\011\207\011\260\011\307\011\270\011\277}{section.1.5}% 61
\BOOKMARK [2][-]{subsection.1.5.4}{\376\377\011\270\011\276\011\207\011\254\011\276\011\260\000\040\011\205\011\252\011\260\011\276\011\247}{section.1.5}% 62
\BOOKMARK [2][-]{subsection.1.5.5}{\376\377\011\244\011\245\011\315\011\257\011\307\011\260\000\040\011\270\011\244\011\315\011\257\011\244\011\276\000\040\011\223\000\040\011\246\011\276\011\337\011\277\011\244\011\315\011\254\011\266\011\300\011\262\011\244\011\276}{section.1.5}% 63
\BOOKMARK [2][-]{subsection.1.5.6}{\376\377\011\250\011\277\011\260\011\276\011\252\011\246\000\040\011\207\011\250\011\315\011\237\011\276\011\260\011\250\011\307\011\237\000\040\011\254\011\315\011\257\011\254\011\271\011\276\011\260}{section.1.5}% 64
\BOOKMARK [1][-]{section.1.6}{\376\377\011\270\011\256\011\276\011\234\011\234\011\300\011\254\011\250\011\307\000\040\011\244\011\245\011\315\011\257\000\040\011\223\000\040\011\257\011\313\011\227\011\276\011\257\011\313\011\227\000\040\011\252\011\315\011\260\011\257\011\301\011\225\011\315\011\244\011\277\011\260\000\040\011\252\011\315\011\260\011\255\011\276\011\254}{chapter.1}% 65
\BOOKMARK [2][-]{subsection.1.6.1}{\376\377\011\257\011\313\011\227\011\276\011\257\011\313\011\227\000\040\011\254\011\315\011\257\011\254\011\270\011\315\011\245\011\276\011\260\000\040\011\252\011\260\011\277\011\254\011\260\011\315\011\244\011\250}{section.1.6}% 66
\BOOKMARK [2][-]{subsection.1.6.2}{\376\377\011\266\011\277\011\225\011\315\011\267\011\276\000\040\011\223\000\040\011\234\011\315\011\236\011\276\011\250\011\232\011\260\011\315\011\232\011\276}{section.1.6}% 67
\BOOKMARK [2][-]{subsection.1.6.3}{\376\377\011\270\011\315\011\254\011\276\011\270\011\315\011\245\011\315\011\257\011\270\011\307\011\254\011\276}{section.1.6}% 68
\BOOKMARK [2][-]{subsection.1.6.4}{\376\377\011\225\011\260\011\315\011\256\011\270\011\202\011\270\011\315\011\245\011\276\011\250}{section.1.6}% 69
\BOOKMARK [2][-]{subsection.1.6.5}{\376\377\011\254\011\277\011\250\011\313\011\246\011\250\000\040\011\223\000\040\011\270\011\276\011\256\011\276\011\234\011\277\011\225\000\040\011\257\011\313\011\227\011\276\011\257\011\313\011\227}{section.1.6}% 70
\BOOKMARK [2][-]{subsection.1.6.6}{\376\377\011\207\011\244\011\277\011\254\011\276\011\232\011\225\000\040\011\252\011\315\011\260\011\255\011\276\011\254}{section.1.6}% 71
\BOOKMARK [2][-]{subsection.1.6.7}{\376\377\011\250\011\307\011\244\011\277\011\254\011\276\011\232\011\225\000\040\011\252\011\315\011\260\011\255\011\276\011\254}{section.1.6}% 72
\BOOKMARK [1][-]{section.1.7}{\376\377\011\244\011\245\011\315\011\257\000\040\011\223\000\040\011\257\011\313\011\227\011\276\011\257\011\313\011\227\000\040\011\252\011\315\011\260\011\257\011\301\011\225\011\315\011\244\011\277\000\040\011\217\011\254\011\202\000\040\011\205\011\260\011\315\011\245\011\250\011\310\011\244\011\277\011\225\000\040\011\211\011\250\011\315\011\250\011\337\011\250}{chapter.1}% 73
\BOOKMARK [2][-]{subsection.1.7.1}{\376\377\011\207\000-\011\225\011\256\011\276\011\260\011\315\011\270}{section.1.7}% 74
\BOOKMARK [2][-]{subsection.1.7.2}{\376\377\011\207\000-\011\227\011\255\011\260\011\315\011\250\011\315\011\257\011\276\011\250\011\315\011\270}{section.1.7}% 75
\BOOKMARK [2][-]{subsection.1.7.3}{\376\377\011\207\000-\011\262\011\276\011\260\011\315\011\250\011\277\011\202}{section.1.7}% 76
\BOOKMARK [2][-]{subsection.1.7.4}{\376\377\011\207\000-\011\271\011\307\011\262\011\245}{section.1.7}% 77
\BOOKMARK [2][-]{subsection.1.7.5}{\376\377\011\207\000-\011\225\011\303\011\267\011\277}{section.1.7}% 78
\BOOKMARK [2][-]{subsection.1.7.6}{\376\377\011\256\011\313\011\254\011\276\011\207\011\262\000\040\011\254\011\315\011\257\011\276\011\202\011\225\011\277\011\202}{section.1.7}% 79
\BOOKMARK [2][-]{subsection.1.7.7}{\376\377\011\206\011\211\011\237\011\270\011\313\011\260\011\315\011\270\011\277\011\202\000\040\011\223\000\040\011\253\011\315\011\260\011\277\011\262\011\315\011\257\011\276\011\250\011\315\011\270\011\277\011\202}{section.1.7}% 80
\BOOKMARK [2][-]{subsection.1.7.8}{\376\377\011\241\011\277\011\234\011\277\011\237\011\276\011\262\000\040\011\254\011\276\011\202\011\262\011\276\011\246\011\307\011\266}{section.1.7}% 81
\BOOKMARK [0][-]{chapter.2}{\376\377\011\225\011\256\011\277\011\211\011\250\011\277\011\225\011\307\011\266\011\250\000\040\011\270\011\277\011\270\011\315\011\237\011\307\011\256\011\270\000\040\011\223\000\040\011\250\011\307\011\237\011\223\011\337\011\276\011\260\011\315\011\225\011\277\011\202}{}% 82
\BOOKMARK [1][-]{section.2.1}{\376\377\011\225\011\256\011\277\011\211\011\250\011\277\011\225\011\307\011\266\011\250\000\040\011\270\011\277\011\270\011\315\011\237\011\307\011\256\000\040\011\223\000\040\011\254\011\315\011\257\011\276\011\250\011\315\011\241\011\211\011\207\011\241\011\245}{chapter.2}% 83
\BOOKMARK [2][-]{subsection.2.1.1}{\376\377\011\225\011\256\011\277\011\211\011\250\011\277\011\225\011\307\011\266\011\250\000\040\011\270\011\277\011\270\011\315\011\237\011\307\011\256\011\307\011\260\000\040\011\247\011\276\011\260\011\243\011\276}{section.2.1}% 84
\BOOKMARK [2][-]{subsection.2.1.2}{\376\377\011\225\011\256\011\277\011\211\011\250\011\277\011\225\011\307\011\266\011\250\000\040\011\256\011\241\011\307\011\262}{section.2.1}% 85
\BOOKMARK [2][-]{subsection.2.1.3}{\376\377\011\241\011\307\011\237\011\276\000\040\011\225\011\256\011\277\011\211\011\250\011\277\011\225\011\307\011\266\011\250\011\307\011\260\000\040\011\247\011\276\011\260\011\243\011\276}{section.2.1}% 86
\BOOKMARK [2][-]{subsection.2.1.4}{\376\377\011\254\011\315\011\257\011\276\011\250\011\315\011\241\011\211\011\207\011\241\011\245}{section.2.1}% 87
\BOOKMARK [1][-]{section.2.2}{\376\377\011\241\011\307\011\237\011\276\000\040\011\237\011\315\011\260\011\276\011\250\011\315\011\270\011\256\011\277\011\266\011\250\000\040\011\256\011\307\011\245\011\241\000\040\011\223\000\040\011\241\011\307\011\237\011\276\000\040\011\237\011\315\011\260\011\276\011\250\011\315\011\270\011\256\011\277\011\266\011\250\000\040\011\256\011\313\011\241}{chapter.2}% 88
\BOOKMARK [2][-]{subsection.2.2.1}{\376\377\011\241\011\307\011\237\011\276\000\040\011\237\011\315\011\260\011\276\011\250\011\315\011\270\011\256\011\277\011\266\011\250\000\040\011\256\011\307\011\245\011\241}{section.2.2}% 89
\BOOKMARK [2][-]{subsection.2.2.2}{\376\377\011\241\011\307\011\237\011\276\000\040\011\237\011\315\011\260\011\276\011\250\011\315\011\270\011\256\011\277\011\266\011\250\000\040\011\256\011\313\011\241}{section.2.2}% 90
\BOOKMARK [1][-]{section.2.3}{\376\377\011\241\011\307\011\237\011\276\000\040\011\225\011\256\011\277\011\211\011\250\011\277\011\225\011\307\011\266\011\250\000\040\011\256\011\277\011\241\011\277\011\337\011\276\000\040\000\050\000O\000v\000e\000r\000v\000i\000e\000w\000\051}{chapter.2}% 91
\BOOKMARK [2][-]{subsection.2.3.1}{\376\377\000T\000r\000a\000n\000s\000m\000i\000s\000s\000i\000o\000n\000\040\000M\000e\000d\000i\000a\000\040\011\252\011\260\011\277\011\232\011\277\011\244\011\277}{section.2.3}% 92
\BOOKMARK [2][-]{subsection.2.3.2}{\376\377\000G\000u\000i\000d\000e\000d\000\040\000M\000e\000d\000i\000a}{section.2.3}% 93
\BOOKMARK [2][-]{subsection.2.3.3}{\376\377\000U\000n\000g\000u\000i\000d\000e\000d\000\040\000M\000e\000d\000i\000a}{section.2.3}% 94
\BOOKMARK [1][-]{section.2.4}{\376\377\000W\000i\000r\000e\000d\000\040\000M\000e\000d\000i\000a}{chapter.2}% 95
\BOOKMARK [2][-]{subsection.2.4.1}{\376\377\000T\000w\000i\000s\000t\000e\000d\000\040\000P\000a\000i\000r}{section.2.4}% 96
\BOOKMARK [2][-]{subsection.2.4.2}{\376\377\000C\000o\000a\000x\000i\000a\000l\000\040\000C\000a\000b\000l\000e}{section.2.4}% 97
\BOOKMARK [2][-]{subsection.2.4.3}{\376\377\000F\000i\000b\000e\000r\000\040\000O\000p\000t\000i\000c\000\040\000C\000a\000b\000l\000e}{section.2.4}% 98
\BOOKMARK [1][-]{section.2.5}{\376\377\000W\000i\000r\000e\000l\000e\000s\000s\000\040\000M\000e\000d\000i\000a\000\040\000a\000n\000d\000\040\000S\000y\000s\000t\000e\000m\000s}{chapter.2}% 99
\BOOKMARK [2][-]{subsection.2.5.1}{\376\377\000W\000i\000r\000e\000l\000e\000s\000s\000\040\000M\000e\000d\000i\000a\000\040\000T\000y\000p\000e\000s}{section.2.5}% 100
\BOOKMARK [2][-]{subsection.2.5.2}{\376\377\000W\000i\000r\000e\000l\000e\000s\000s\000\040\000S\000y\000s\000t\000e\000m\000s}{section.2.5}% 101
\BOOKMARK [2][-]{subsection.2.5.3}{\376\377\000A\000d\000v\000a\000n\000t\000a\000g\000e\000s\000\040\000a\000n\000d\000\040\000L\000i\000m\000i\000t\000a\000t\000i\000o\000n\000s}{section.2.5}% 102
\BOOKMARK [1][-]{section.2.6}{\376\377\000M\000o\000b\000i\000l\000e\000\040\000C\000o\000m\000m\000u\000n\000i\000c\000a\000t\000i\000o\000n\000\040\000a\000n\000d\000\040\000G\000e\000n\000e\000r\000a\000t\000i\000o\000n\000s}{chapter.2}% 103
\BOOKMARK [2][-]{subsection.2.6.1}{\376\377\000C\000e\000l\000l\000u\000l\000a\000r\000\040\000C\000o\000n\000c\000e\000p\000t}{section.2.6}% 104
\BOOKMARK [2][-]{subsection.2.6.2}{\376\377\000G\000e\000n\000e\000r\000a\000t\000i\000o\000n\000s\000\040\000o\000f\000\040\000M\000o\000b\000i\000l\000e\000\040\000C\000o\000m\000m\000u\000n\000i\000c\000a\000t\000i\000o\000n}{section.2.6}% 105
\BOOKMARK [2][-]{subsection.2.6.3}{\376\377\000M\000o\000b\000i\000l\000e\000\040\000N\000e\000t\000w\000o\000r\000k\000\040\000B\000a\000s\000i\000c\000s}{section.2.6}% 106
\BOOKMARK [1][-]{section.2.7}{\376\377\000C\000o\000m\000p\000u\000t\000e\000r\000\040\000N\000e\000t\000w\000o\000r\000k\000i\000n\000g\000:\000\040\000O\000b\000j\000e\000c\000t\000i\000v\000e\000s\000\040\000a\000n\000d\000\040\000T\000y\000p\000e\000s}{chapter.2}% 107
\BOOKMARK [2][-]{subsection.2.7.1}{\376\377\000O\000b\000j\000e\000c\000t\000i\000v\000e\000s\000\040\000o\000f\000\040\000N\000e\000t\000w\000o\000r\000k\000i\000n\000g}{section.2.7}% 108
\BOOKMARK [2][-]{subsection.2.7.2}{\376\377\000T\000y\000p\000e\000s\000\040\000o\000f\000\040\000N\000e\000t\000w\000o\000r\000k\000s}{section.2.7}% 109
\BOOKMARK [1][-]{section.2.8}{\376\377\000N\000e\000t\000w\000o\000r\000k\000\040\000D\000e\000v\000i\000c\000e\000s}{chapter.2}% 110
\BOOKMARK [2][-]{subsection.2.8.1}{\376\377\000D\000e\000v\000i\000c\000e\000\040\000F\000u\000n\000c\000t\000i\000o\000n\000s}{section.2.8}% 111
\BOOKMARK [1][-]{section.2.9}{\376\377\000N\000e\000t\000w\000o\000r\000k\000\040\000T\000o\000p\000o\000l\000o\000g\000y}{chapter.2}% 112
\BOOKMARK [2][-]{subsection.2.9.1}{\376\377\000C\000o\000m\000m\000o\000n\000\040\000T\000o\000p\000o\000l\000o\000g\000i\000e\000s}{section.2.9}% 113
\BOOKMARK [2][-]{subsection.2.9.2}{\376\377\000C\000o\000m\000p\000a\000r\000i\000s\000o\000n}{section.2.9}% 114
\BOOKMARK [1][-]{section.2.10}{\376\377\000C\000l\000o\000u\000d\000\040\000C\000o\000m\000p\000u\000t\000i\000n\000g}{chapter.2}% 115
\BOOKMARK [2][-]{subsection.2.10.1}{\376\377\000C\000l\000o\000u\000d\000\040\000O\000v\000e\000r\000v\000i\000e\000w}{section.2.10}% 116
\BOOKMARK [2][-]{subsection.2.10.2}{\376\377\000S\000e\000r\000v\000i\000c\000e\000\040\000M\000o\000d\000e\000l\000s}{section.2.10}% 117
\BOOKMARK [2][-]{subsection.2.10.3}{\376\377\000D\000e\000p\000l\000o\000y\000m\000e\000n\000t\000\040\000M\000o\000d\000e\000l\000s}{section.2.10}% 118
\BOOKMARK [1][-]{section.2.11}{\376\377\011\252\011\315\011\260\011\266\011\315\011\250\011\276\011\254\011\262\011\300\000\040\011\223\000\040\011\205\011\250\011\301\011\266\011\300\011\262\011\250\011\300}{chapter.2}% 119
\BOOKMARK [0][-]{chapter.3}{\376\377\011\270\011\202\011\226\011\315\011\257\011\276\000\040\011\252\011\246\011\315\011\247\011\244\011\277\000\040\011\223\000\040\011\241\011\277\011\234\011\277\011\237\011\276\011\262\000\040\011\241\011\277\011\255\011\276\011\207\011\270}{}% 120
\BOOKMARK [1][-]{section.3.1}{\376\377\011\270\011\202\011\226\011\315\011\257\011\276\000\040\011\206\011\254\011\277\011\267\011\315\011\225\011\276\011\260\011\307\011\260\000\040\011\207\011\244\011\277\011\271\011\276\011\270}{chapter.3}% 121
\BOOKMARK [2][-]{subsection.3.1.1}{\376\377\011\270\011\202\011\226\011\315\011\257\011\276\011\260\000\040\011\252\011\315\011\260\011\337\011\313\011\234\011\250\011\300\011\337\011\244\011\276}{section.3.1}% 122
\BOOKMARK [2][-]{subsection.3.1.2}{\376\377\011\227\011\243\011\250\011\276\011\260\000\040\011\252\011\315\011\260\011\276\011\232\011\300\011\250\000\040\011\252\011\246\011\315\011\247\011\244\011\277}{section.3.1}% 123
\BOOKMARK [2][-]{subsection.3.1.3}{\376\377\011\206\011\247\011\301\011\250\011\277\011\225\000\040\011\270\011\202\011\226\011\315\011\257\011\276\000\040\011\252\011\246\011\315\011\247\011\244\011\277\011\260\000\040\011\254\011\277\011\225\011\276\011\266}{section.3.1}% 124
\BOOKMARK [1][-]{section.3.2}{\376\377\011\270\011\202\011\226\011\315\011\257\011\276\000\040\011\252\011\246\011\315\011\247\011\244\011\277}{chapter.3}% 125
\BOOKMARK [2][-]{subsection.3.2.1}{\376\377\011\270\011\202\011\226\011\315\011\257\011\276\000\040\011\252\011\246\011\315\011\247\011\244\011\277\011\260\000\040\011\247\011\276\011\260\011\243\011\276}{section.3.2}% 126
\BOOKMARK [2][-]{subsection.3.2.2}{\376\377\011\270\011\202\011\226\011\315\011\257\011\276\000\040\011\252\011\246\011\315\011\247\011\244\011\277\011\260\000\040\011\252\011\315\011\260\011\225\011\276\011\260\011\255\011\307\011\246}{section.3.2}% 127
\BOOKMARK [1][-]{section.3.3}{\376\377\011\270\011\202\011\226\011\315\011\257\011\276\000\040\011\260\011\302\011\252\011\276\011\250\011\315\011\244\011\260\000\040\000\050\000C\000o\000n\000v\000e\000r\000s\000i\000o\000n\000\051}{chapter.3}% 128
\BOOKMARK [2][-]{subsection.3.3.1}{\376\377\000D\000e\000c\000i\000m\000a\000l\000\040\011\245\011\307\011\225\011\307\000\040\000B\000i\000n\000a\000r\000y}{section.3.3}% 129
\BOOKMARK [2][-]{subsection.3.3.2}{\376\377\000B\000i\000n\000a\000r\000y\000\040\011\245\011\307\011\225\011\307\000\040\000D\000e\000c\000i\000m\000a\000l}{section.3.3}% 130
\BOOKMARK [2][-]{subsection.3.3.3}{\376\377\000D\000e\000c\000i\000m\000a\000l\000\040\011\223\000\040\000O\000c\000t\000a\000l\000/\000H\000e\000x\000a\000d\000e\000c\000i\000m\000a\000l\000\040\011\217\011\254\011\202\000\040\000B\000i\000n\000a\000r\000y\000\040\011\223\000\040\000O\000c\000t\000a\000l\000/\000H\000e\000x\000\040\011\256\011\247\011\315\011\257\011\307\000\040\011\260\011\302\011\252\011\276\011\250\011\315\011\244\011\260}{section.3.3}% 131
\BOOKMARK [1][-]{section.3.4}{\376\377\011\254\011\276\011\207\011\250\011\276\011\260\011\277\000\040\011\257\011\313\011\227\000\040\011\223\000\040\011\254\011\277\011\337\011\313\011\227}{chapter.3}% 132
\BOOKMARK [2][-]{subsection.3.4.1}{\376\377\000B\000i\000n\000a\000r\000y\000\040\000A\000d\000d\000i\000t\000i\000o\000n}{section.3.4}% 133
\BOOKMARK [2][-]{subsection.3.4.2}{\376\377\000B\000i\000n\000a\000r\000y\000\040\000S\000u\000b\000t\000r\000a\000c\000t\000i\000o\000n}{section.3.4}% 134
\BOOKMARK [2][-]{subsection.3.4.3}{\376\377\011\252\011\315\011\260\011\266\011\277\011\225\011\315\011\267\011\243\000\040\011\270\011\256\011\270\011\315\011\257\011\276}{section.3.4}% 135
\BOOKMARK [1][-]{section.3.5}{\376\377\011\232\011\277\011\271\011\315\011\250\011\257\011\301\011\225\011\315\011\244\000\040\011\270\011\202\011\226\011\315\011\257\011\276}{chapter.3}% 136
\BOOKMARK [2][-]{subsection.3.5.1}{\376\377\011\270\011\202\011\234\011\315\011\236\011\276}{section.3.5}% 137
\BOOKMARK [2][-]{subsection.3.5.2}{\376\377\011\252\011\315\011\260\011\244\011\277\011\250\011\277\011\247\011\277\011\244\011\315\011\254\000\040\011\252\011\246\011\315\011\247\011\244\011\277}{section.3.5}% 138
\BOOKMARK [1][-]{section.3.6}{\376\377\0002\000'\000s\000\040\000C\000o\000m\000p\000l\000e\000m\000e\000n\000t}{chapter.3}% 139
\BOOKMARK [2][-]{subsection.3.6.1}{\376\377\000C\000o\000m\000p\000l\000e\000m\000e\000n\000t\000\040\011\247\011\276\011\260\011\243\011\276}{section.3.6}% 140
\BOOKMARK [2][-]{subsection.3.6.2}{\376\377\0002\000'\000s\000\040\000c\000o\000m\000p\000l\000e\000m\000e\000n\000t\000\040\011\254\011\307\011\260\000\040\011\225\011\260\011\276\011\260\000\040\011\250\011\277\011\337\011\256}{section.3.6}% 141
\BOOKMARK [2][-]{subsection.3.6.3}{\376\377\011\254\011\315\011\257\011\254\011\271\011\276\011\260}{section.3.6}% 142
\BOOKMARK [1][-]{section.3.7}{\376\377\011\225\011\313\011\241\000:\000\040\011\247\011\276\011\260\011\243\011\276\000\040\011\223\000\040\011\252\011\315\011\260\011\337\011\313\011\234\011\250}{chapter.3}% 143
\BOOKMARK [1][-]{section.3.8}{\376\377\000B\000C\000D\000,\000\040\000E\000B\000C\000D\000I\000C\000,\000\040\000A\000S\000C\000I\000I\000\040\011\217\011\254\011\202\000\040\000U\000n\000i\000c\000o\000d\000e}{chapter.3}% 144
\BOOKMARK [2][-]{subsection.3.8.1}{\376\377\000B\000C\000D}{section.3.8}% 145
\BOOKMARK [2][-]{subsection.3.8.2}{\376\377\000E\000B\000C\000D\000I\000C}{section.3.8}% 146
\BOOKMARK [2][-]{subsection.3.8.3}{\376\377\000A\000S\000C\000I\000I}{section.3.8}% 147
\BOOKMARK [2][-]{subsection.3.8.4}{\376\377\000U\000n\000i\000c\000o\000d\000e}{section.3.8}% 148
\BOOKMARK [1][-]{section.3.9}{\376\377\011\225\011\277\011\233\011\301\000\040\011\227\011\276\011\243\011\277\011\244\011\277\011\225\000\040\011\270\011\256\011\270\011\315\011\257\011\276\000\040\011\223\000\040\011\270\011\256\011\276\011\247\011\276\011\250}{chapter.3}% 149
\BOOKMARK [1][-]{section.3.10}{\376\377\000B\000o\000o\000l\000e\000a\000n\000\040\000A\000l\000g\000e\000b\000r\000a}{chapter.3}% 150
\BOOKMARK [2][-]{subsection.3.10.1}{\376\377\011\252\011\260\011\277\011\232\011\277\011\244\011\277}{section.3.10}% 151
\BOOKMARK [2][-]{subsection.3.10.2}{\376\377\000B\000o\000o\000l\000e\000a\000n\000\040\000V\000a\000r\000i\000a\000b\000l\000e\000\040\011\223\000\040\000O\000p\000e\000r\000a\000t\000o\000r}{section.3.10}% 152
\BOOKMARK [2][-]{subsection.3.10.3}{\376\377\000B\000o\000o\000l\000e\000a\000n\000\040\000E\000x\000p\000r\000e\000s\000s\000i\000o\000n}{section.3.10}% 153
\BOOKMARK [1][-]{section.3.11}{\376\377\000B\000o\000o\000l\000e\000a\000n\000\040\000T\000h\000e\000o\000r\000e\000m\000s}{chapter.3}% 154
\BOOKMARK [1][-]{section.3.12}{\376\377\011\241\011\277\000-\011\256\011\260\011\227\011\315\011\257\011\276\011\250\011\307\011\260\000\040\011\211\011\252\011\252\011\276\011\246\011\315\011\257}{chapter.3}% 155
\BOOKMARK [2][-]{subsection.3.12.1}{\376\377\011\252\011\315\011\260\011\245\011\256\000\040\011\211\011\252\011\252\011\276\011\246\011\315\011\257}{section.3.12}% 156
\BOOKMARK [2][-]{subsection.3.12.2}{\376\377\011\246\011\315\011\254\011\277\011\244\011\300\011\337\000\040\011\211\011\252\011\252\011\276\011\246\011\315\011\257}{section.3.12}% 157
\BOOKMARK [2][-]{subsection.3.12.3}{\376\377\011\254\011\315\011\257\011\276\011\226\011\315\011\257\011\276\000\040\011\223\000\040\011\211\011\246\011\276\011\271\011\260\011\243}{section.3.12}% 158
\BOOKMARK [1][-]{section.3.13}{\376\377\000T\000r\000u\000t\000h\000\040\000T\000a\000b\000l\000e}{chapter.3}% 159
\BOOKMARK [2][-]{subsection.3.13.1}{\376\377\011\270\011\202\011\234\011\315\011\236\011\276}{section.3.13}% 160
\BOOKMARK [2][-]{subsection.3.13.2}{\376\377\011\252\011\315\011\260\011\266\011\277\011\225\011\315\011\267\011\243}{section.3.13}% 161
\BOOKMARK [1][-]{section.3.14}{\376\377\011\256\011\314\011\262\011\277\011\225\000\040\011\227\011\307\011\237\000:\000\040\000A\000N\000D\000,\000\040\000O\000R\000,\000\040\000N\000O\000T}{chapter.3}% 162
\BOOKMARK [2][-]{subsection.3.14.1}{\376\377\000A\000N\000D\000\040\000G\000a\000t\000e}{section.3.14}% 163
\BOOKMARK [2][-]{subsection.3.14.2}{\376\377\000O\000R\000\040\000G\000a\000t\000e}{section.3.14}% 164
\BOOKMARK [2][-]{subsection.3.14.3}{\376\377\000N\000O\000T\000\040\000G\000a\000t\000e}{section.3.14}% 165
\BOOKMARK [1][-]{section.3.15}{\376\377\000U\000n\000i\000v\000e\000r\000s\000a\000l\000\040\000G\000a\000t\000e\000s\000:\000\040\000N\000A\000N\000D\000,\000\040\000N\000O\000R}{chapter.3}% 166
\BOOKMARK [2][-]{subsection.3.15.1}{\376\377\000N\000A\000N\000D}{section.3.15}% 167
\BOOKMARK [2][-]{subsection.3.15.2}{\376\377\000N\000O\000R}{section.3.15}% 168
\BOOKMARK [1][-]{section.3.16}{\376\377\000S\000p\000e\000c\000i\000a\000l\000\040\000G\000a\000t\000e\000s}{chapter.3}% 169
\BOOKMARK [2][-]{subsection.3.16.1}{\376\377\000X\000O\000R\000\040\000\050\000E\000x\000c\000l\000u\000s\000i\000v\000e\000\040\000O\000R\000\051}{section.3.16}% 170
\BOOKMARK [2][-]{subsection.3.16.2}{\376\377\000X\000N\000O\000R}{section.3.16}% 171
\BOOKMARK [1][-]{section.3.17}{\376\377\000E\000n\000c\000o\000d\000e\000r}{chapter.3}% 172
\BOOKMARK [2][-]{subsection.3.17.1}{\376\377\011\270\011\202\011\234\011\315\011\236\011\276\000\040\011\223\000\040\011\225\011\276\011\234}{section.3.17}% 173
\BOOKMARK [2][-]{subsection.3.17.2}{\376\377\011\254\011\315\011\257\011\254\011\271\011\276\011\260}{section.3.17}% 174
\BOOKMARK [1][-]{section.3.18}{\376\377\000D\000e\000c\000o\000d\000e\000r}{chapter.3}% 175
\BOOKMARK [2][-]{subsection.3.18.1}{\376\377\011\270\011\202\011\234\011\315\011\236\011\276}{section.3.18}% 176
\BOOKMARK [2][-]{subsection.3.18.2}{\376\377\011\254\011\315\011\257\011\254\011\271\011\276\011\260}{section.3.18}% 177
\BOOKMARK [1][-]{section.3.19}{\376\377\000A\000d\000d\000e\000r}{chapter.3}% 178
\BOOKMARK [2][-]{subsection.3.19.1}{\376\377\000H\000a\000l\000f\000\040\000A\000d\000d\000e\000r}{section.3.19}% 179
\BOOKMARK [2][-]{subsection.3.19.2}{\376\377\000F\000u\000l\000l\000\040\000A\000d\000d\000e\000r}{section.3.19}% 180
\BOOKMARK [2][-]{subsection.3.19.3}{\376\377\000H\000a\000l\000f\000\040\000v\000s\000\040\000F\000u\000l\000l\000\040\000A\000d\000d\000e\000r}{section.3.19}% 181
\BOOKMARK [1][-]{section.3.20}{\376\377\000R\000e\000g\000i\000s\000t\000e\000r}{chapter.3}% 182
\BOOKMARK [2][-]{subsection.3.20.1}{\376\377\011\270\011\202\011\234\011\315\011\236\011\276}{section.3.20}% 183
\BOOKMARK [2][-]{subsection.3.20.2}{\376\377\011\252\011\315\011\260\011\225\011\276\011\260\011\255\011\307\011\246}{section.3.20}% 184
\BOOKMARK [2][-]{subsection.3.20.3}{\376\377\011\254\011\315\011\257\011\254\011\271\011\276\011\260}{section.3.20}% 185
\BOOKMARK [1][-]{section.3.21}{\376\377\000C\000o\000u\000n\000t\000e\000r}{chapter.3}% 186
\BOOKMARK [2][-]{subsection.3.21.1}{\376\377\011\270\011\202\011\234\011\315\011\236\011\276}{section.3.21}% 187
\BOOKMARK [2][-]{subsection.3.21.2}{\376\377\011\252\011\315\011\260\011\225\011\276\011\260\011\255\011\307\011\246}{section.3.21}% 188
\BOOKMARK [2][-]{subsection.3.21.3}{\376\377\011\254\011\315\011\257\011\254\011\271\011\276\011\260}{section.3.21}% 189
\BOOKMARK [1][-]{section.3.22}{\376\377\011\205\011\250\011\301\011\266\011\300\011\262\011\250\011\300}{chapter.3}% 190
\BOOKMARK [2][-]{subsection.3.22.1}{\376\377\011\247\011\260\011\250}{section.3.22}% 191
\BOOKMARK [0][-]{chapter.4}{\376\377\011\223\011\337\011\307\011\254\000\040\011\241\011\277\011\234\011\276\011\207\011\250\000\040\011\252\011\260\011\277\011\232\011\277\011\244\011\277\000\040\011\217\011\254\011\202\000\040\000H\000T\000M\000L}{}% 192
\BOOKMARK [1][-]{section.4.1}{\376\377\011\223\011\337\011\307\011\254\000\040\011\241\011\277\011\234\011\276\011\207\011\250\011\307\011\260\000\040\011\247\011\276\011\260\011\243\011\276}{chapter.4}% 193
\BOOKMARK [2][-]{subsection.4.1.1}{\376\377\011\223\011\337\011\307\011\254\000\040\011\241\011\277\011\234\011\276\011\207\011\250\000\040\011\225\011\300}{section.4.1}% 194
\BOOKMARK [2][-]{subsection.4.1.2}{\376\377\011\223\011\337\011\307\011\254\011\270\011\276\011\207\011\237\000\040\011\244\011\310\011\260\011\277\011\260\000\040\011\247\011\276\011\252\000\040\011\223\000\040\011\254\011\310\011\266\011\277\011\267\011\315\011\237\011\315\011\257}{section.4.1}% 195
\BOOKMARK [1][-]{section.4.2}{\376\377\011\223\011\337\011\307\011\254\011\270\011\276\011\207\011\237\011\307\011\260\000\040\011\225\011\276\011\240\011\276\011\256\011\313}{chapter.4}% 196
\BOOKMARK [2][-]{subsection.4.2.1}{\376\377\011\225\011\276\011\240\011\276\011\256\011\313\011\260\000\040\011\247\011\276\011\260\011\243\011\276}{section.4.2}% 197
\BOOKMARK [2][-]{subsection.4.2.2}{\376\377\011\225\011\276\011\240\011\276\011\256\011\313\011\260\000\040\011\247\011\260\011\250}{section.4.2}% 198
\BOOKMARK [1][-]{section.4.3}{\376\377\000H\000T\000M\000L\000-\011\217\011\260\000\040\011\256\011\314\011\262\011\277\011\225\000\040\011\254\011\277\011\267\011\337}{chapter.4}% 199
\BOOKMARK [2][-]{subsection.4.3.1}{\376\377\000H\000T\000M\000L\000\040\011\225\011\300}{section.4.3}% 200
\BOOKMARK [2][-]{subsection.4.3.2}{\376\377\011\207\011\244\011\277\011\271\011\276\011\270\000\040\011\223\000\040\011\270\011\301\011\254\011\277\011\247\011\276\000/\011\205\011\270\011\301\011\254\011\277\011\247\011\276}{section.4.3}% 201
\BOOKMARK [1][-]{section.4.4}{\376\377\011\237\011\315\011\257\011\276\011\227\000\040\011\223\000\040\011\270\011\277\011\250\011\315\011\246\011\315\011\257\011\276\011\225\011\315\011\270}{chapter.4}% 202
\BOOKMARK [2][-]{subsection.4.4.1}{\376\377\011\237\011\315\011\257\011\276\011\227\011\307\011\260\000\040\011\247\011\260\011\250}{section.4.4}% 203
\BOOKMARK [2][-]{subsection.4.4.2}{\376\377\000H\000T\000M\000L\000\040\011\241\011\225\011\301\011\256\011\307\011\250\011\315\011\237\000\040\011\260\011\302\011\252}{section.4.4}% 204
\BOOKMARK [1][-]{section.4.5}{\376\377\011\241\011\277\011\234\011\276\011\207\011\250\000:\000\040\011\270\011\315\011\237\011\315\011\260\011\276\011\225\011\232\011\276\011\260\000\040\011\223\000\040\011\262\011\307\011\206\011\211\011\237}{chapter.4}% 205
\BOOKMARK [2][-]{subsection.4.5.1}{\376\377\011\262\011\307\011\206\011\211\011\237\011\307\011\260\000\040\011\247\011\260\011\250}{section.4.5}% 206
\BOOKMARK [2][-]{subsection.4.5.2}{\376\377\011\256\011\314\011\262\011\277\011\225\000\040\011\250\011\300\011\244\011\277\011\256\011\276\011\262\011\276}{section.4.5}% 207
\BOOKMARK [1][-]{section.4.6}{\376\377\011\237\011\307\011\225\011\315\011\270\011\237\000\040\011\223\000\040\011\225\011\250\011\237\011\307\011\250\011\315\011\237\000\040\011\253\011\260\011\256\011\315\011\257\011\276\011\237\011\277\011\202}{chapter.4}% 208
\BOOKMARK [2][-]{subsection.4.6.1}{\376\377\011\252\011\315\011\257\011\276\011\260\011\276\011\227\011\315\011\260\011\276\011\253\000,\000\040\011\271\011\307\011\241\011\277\011\202\000\040\011\223\000\040\011\262\011\276\011\207\011\250\000\040\011\254\011\315\011\260\011\307\011\225}{section.4.6}% 209
\BOOKMARK [2][-]{subsection.4.6.2}{\376\377\011\253\011\250\011\315\011\237\000,\000\040\011\260\011\231\000\040\011\223\000\040\011\270\011\315\011\237\011\276\011\207\011\262}{section.4.6}% 210
\BOOKMARK [1][-]{section.4.7}{\376\377\011\271\011\276\011\207\011\252\011\276\011\260\011\262\011\277\011\231\011\315\011\225\000\040\011\223\000\040\011\250\011\307\011\255\011\277\011\227\011\307\011\266\011\250}{chapter.4}% 211
\BOOKMARK [2][-]{subsection.4.7.1}{\376\377\011\262\011\277\011\231\011\315\011\225\000\040\011\244\011\310\011\260\011\277}{section.4.7}% 212
\BOOKMARK [2][-]{subsection.4.7.2}{\376\377\011\250\011\307\011\255\011\277\011\227\011\307\011\266\011\250\000\040\011\254\011\276\011\260\000\040\011\223\000\040\011\256\011\307\011\250\011\301}{section.4.7}% 213
\BOOKMARK [1][-]{section.4.8}{\376\377\011\207\011\256\011\307\011\234\000\040\011\250\011\277\011\337\011\250\011\315\011\244\011\315\011\260\011\243\000\040\011\223\000\040\011\254\011\315\011\257\011\254\011\271\011\276\011\260}{chapter.4}% 214
\BOOKMARK [2][-]{subsection.4.8.1}{\376\377\011\207\011\256\011\307\011\234\000\040\011\237\011\315\011\257\011\276\011\227}{section.4.8}% 215
\BOOKMARK [2][-]{subsection.4.8.2}{\376\377\011\205\011\252\011\315\011\237\011\277\011\256\011\276\011\207\011\234\011\307\011\266\011\250\000\040\011\217\011\254\011\202\000\040\011\205\011\315\011\257\011\276\011\225\011\315\011\270\011\307\011\270\011\277\011\254\011\277\011\262\011\277\011\237\011\277}{section.4.8}% 216
\BOOKMARK [1][-]{section.4.9}{\376\377\011\237\011\307\011\254\011\277\011\262\000\040\011\223\000\040\011\241\011\307\011\237\011\276\000\040\011\211\011\252\011\270\011\315\011\245\011\276\011\252\011\250}{chapter.4}% 217
\BOOKMARK [2][-]{subsection.4.9.1}{\376\377\011\237\011\307\011\254\011\277\011\262\000\040\011\237\011\315\011\257\011\276\011\227}{section.4.9}% 218
\BOOKMARK [2][-]{subsection.4.9.2}{\376\377\011\270\011\276\011\234\011\307\011\266\011\250\000\040\011\223\000\040\011\270\011\315\011\237\011\276\011\207\011\262\011\277\011\202}{section.4.9}% 219
\BOOKMARK [1][-]{section.4.10}{\376\377\011\253\011\260\011\315\011\256\000\040\011\223\000\040\011\241\011\307\011\237\011\276\000\040\011\270\011\202\011\227\011\315\011\260\011\271}{chapter.4}% 220
\BOOKMARK [2][-]{subsection.4.10.1}{\376\377\011\253\011\260\011\315\011\256\000\040\011\211\011\252\011\276\011\246\011\276\011\250}{section.4.10}% 221
\BOOKMARK [2][-]{subsection.4.10.2}{\376\377\011\253\011\260\011\315\011\256\000\040\011\270\011\276\011\254\011\256\011\277\011\266\011\250\000\040\011\223\000\040\011\255\011\315\011\257\011\276\011\262\011\277\011\241\011\307\011\266\011\250}{section.4.10}% 222
\BOOKMARK [1][-]{section.4.11}{\376\377\011\223\011\337\011\307\011\254\000\040\011\252\011\307\011\234\000\040\011\241\011\277\011\234\011\276\011\207\011\250\000\040\011\252\011\246\011\315\011\247\011\244\011\277}{chapter.4}% 223
\BOOKMARK [2][-]{subsection.4.11.1}{\376\377\011\252\011\315\011\260\011\313\011\237\011\313\011\237\011\276\011\207\011\252\000\040\011\223\000\040\011\223\011\337\011\276\011\260\011\253\011\315\011\260\011\307\011\256}{section.4.11}% 224
\BOOKMARK [2][-]{subsection.4.11.2}{\376\377\011\260\011\307\011\270\011\252\011\250\011\315\011\270\011\277\011\255\000\040\011\237\011\307\011\270\011\315\011\237\011\277\011\202\000\040\011\223\000\040\011\254\011\315\011\260\011\276\011\211\011\234\011\276\011\260\000\040\011\252\011\260\011\277\011\225\011\315\011\267\011\276}{section.4.11}% 225
\BOOKMARK [1][-]{section.4.12}{\376\377\011\223\011\337\011\307\011\254\011\270\011\276\011\207\011\237\000\040\011\252\011\315\011\260\011\225\011\276\011\266\000\040\011\223\000\040\011\271\011\313\011\270\011\315\011\237\011\277\011\202}{chapter.4}% 226
\BOOKMARK [2][-]{subsection.4.12.1}{\376\377\011\271\011\313\011\270\011\315\011\237\011\277\011\202\000\040\011\223\000\040\011\241\011\313\011\256\011\307\011\207\011\250}{section.4.12}% 227
\BOOKMARK [2][-]{subsection.4.12.2}{\376\377\000F\000T\000P\000,\000\040\000G\000i\000t\000\040\011\223\000\040\011\252\011\315\011\260\011\225\011\276\011\266\000\040\011\252\011\246\011\315\011\247\011\244\011\277}{section.4.12}% 228
\BOOKMARK [1][-]{section.4.13}{\376\377\011\205\011\250\011\301\011\266\011\300\011\262\011\250\011\300}{chapter.4}% 229
\BOOKMARK [0][-]{chapter.5}{\376\377\011\252\011\315\011\260\011\313\011\227\011\315\011\260\011\276\011\256\011\277\011\202\000\040\011\255\011\276\011\267\011\276}{}% 230
\BOOKMARK [1][-]{section.5.1}{\376\377\011\252\011\315\011\260\011\313\011\227\011\315\011\260\011\276\011\256\011\277\011\202\000\040\011\255\011\276\011\267\011\276\000\040\040\024\000\040\011\252\011\260\011\277\011\232\011\277\011\244\011\277}{chapter.5}% 231
\BOOKMARK [1][-]{section.5.2}{\376\377\011\252\011\315\011\260\011\313\011\227\011\315\011\260\011\276\011\256\011\307\011\260\000\040\011\247\011\276\011\260\011\243\011\276}{chapter.5}% 232
\BOOKMARK [2][-]{subsection.5.2.1}{\376\377\011\252\011\315\011\260\011\313\011\227\011\315\011\260\011\276\011\256\000\040\011\225\011\300}{section.5.2}% 233
\BOOKMARK [2][-]{subsection.5.2.2}{\376\377\000S\000o\000u\000r\000c\000e\000,\000\040\000O\000b\000j\000e\000c\000t\000\040\011\223\000\040\000E\000x\000e\000c\000u\000t\000a\000b\000l\000e}{section.5.2}% 234
\BOOKMARK [1][-]{section.5.3}{\376\377\011\252\011\315\011\260\011\313\011\227\011\315\011\260\011\276\011\256\011\277\011\202\000\040\011\255\011\276\011\267\011\276\011\260\000\040\011\247\011\276\011\260\011\243\011\276}{chapter.5}% 235
\BOOKMARK [2][-]{subsection.5.3.1}{\376\377\011\252\011\315\011\260\011\313\011\227\011\315\011\260\011\276\011\256\011\277\011\202\000\040\011\255\011\276\011\267\011\276\000\040\011\225\011\300}{section.5.3}% 236
\BOOKMARK [2][-]{subsection.5.3.2}{\376\377\000P\000r\000o\000g\000r\000a\000m\000\040\000w\000r\000i\000t\000i\000n\000g\000\040\000r\000u\000l\000e\000s\000\040\011\217\011\254\011\202\000\040\011\252\011\315\011\260\011\337\011\313\011\234\011\250\011\300\011\337\011\244\011\276}{section.5.3}% 237
\BOOKMARK [1][-]{section.5.4}{\376\377\011\254\011\277\011\255\011\277\011\250\011\315\011\250\000\040\011\252\011\315\011\260\011\234\011\250\011\315\011\256\011\307\011\260\000\040\011\252\011\315\011\260\011\313\011\227\011\315\011\260\011\276\011\256\011\277\011\202\000\040\011\255\011\276\011\267\011\276}{chapter.5}% 238
\BOOKMARK [2][-]{subsection.5.4.1}{\376\377\011\252\011\315\011\260\011\245\011\256\000\040\011\252\011\315\011\260\011\234\011\250\011\315\011\256\000\040\040\024\000\040\0001\000G\000L}{section.5.4}% 239
\BOOKMARK [2][-]{subsection.5.4.2}{\376\377\011\246\011\315\011\254\011\277\011\244\011\300\011\337\000\040\011\252\011\315\011\260\011\234\011\250\011\315\011\256\000\040\040\024\000\040\0002\000G\000L}{section.5.4}% 240
\BOOKMARK [2][-]{subsection.5.4.3}{\376\377\011\244\011\303\011\244\011\300\011\337\000\040\011\252\011\315\011\260\011\234\011\250\011\315\011\256\000\040\040\024\000\040\0003\000G\000L}{section.5.4}% 241
\BOOKMARK [2][-]{subsection.5.4.4}{\376\377\011\232\011\244\011\301\011\260\011\315\011\245\000\040\011\252\011\315\011\260\011\234\011\250\011\315\011\256\000\040\040\024\000\040\0004\000G\000L}{section.5.4}% 242
\BOOKMARK [2][-]{subsection.5.4.5}{\376\377\011\252\011\236\011\315\011\232\011\256\000\040\011\252\011\315\011\260\011\234\011\250\011\315\011\256\000\040\040\024\000\040\0005\000G\000L}{section.5.4}% 243
\BOOKMARK [1][-]{section.5.5}{\376\377\011\250\011\277\011\256\011\315\011\250\011\270\011\315\011\244\011\260\011\307\011\260\000\040\011\255\011\276\011\267\011\276}{chapter.5}% 244
\BOOKMARK [2][-]{subsection.5.5.1}{\376\377\000L\000o\000w\000\040\000L\000e\000v\000e\000l\000\040\000L\000a\000n\000g\000u\000a\000g\000e\000\040\011\225\011\300}{section.5.5}% 245
\BOOKMARK [1][-]{section.5.6}{\376\377\000M\000a\000c\000h\000i\000n\000e\000\040\000L\000a\000n\000g\000u\000a\000g\000e}{chapter.5}% 246
\BOOKMARK [2][-]{subsection.5.6.1}{\376\377\000M\000a\000c\000h\000i\000n\000e\000\040\000l\000a\000n\000g\000u\000a\000g\000e\000\040\011\225\011\300}{section.5.6}% 247
\BOOKMARK [2][-]{subsection.5.6.2}{\376\377\011\270\011\301\011\254\011\277\011\247\011\276\000\040\011\223\000\040\011\205\011\270\011\301\011\254\011\277\011\247\011\276}{section.5.6}% 248
\BOOKMARK [1][-]{section.5.7}{\376\377\000A\000s\000s\000e\000m\000b\000l\000y\000\040\000L\000a\000n\000g\000u\000a\000g\000e}{chapter.5}% 249
\BOOKMARK [2][-]{subsection.5.7.1}{\376\377\000A\000s\000s\000e\000m\000b\000l\000y\000\040\000l\000a\000n\000g\000u\000a\000g\000e\000\040\011\225\011\300}{section.5.7}% 250
\BOOKMARK [2][-]{subsection.5.7.2}{\376\377\011\211\011\246\011\276\011\271\011\260\011\243\000\040\011\223\000\040\011\270\011\301\011\254\011\277\011\247\011\276\000/\011\205\011\270\011\301\011\254\011\277\011\247\011\276}{section.5.7}% 251
\BOOKMARK [1][-]{section.5.8}{\376\377\011\256\011\247\011\315\011\257\011\270\011\315\011\244\011\260\011\307\011\260\000\040\011\255\011\276\011\267\011\276}{chapter.5}% 252
\BOOKMARK [2][-]{subsection.5.8.1}{\376\377\000M\000i\000d\000\040\000l\000e\000v\000e\000l\000\040\000l\000a\000n\000g\000u\000a\000g\000e\000\040\011\225\011\300}{section.5.8}% 253
\BOOKMARK [1][-]{section.5.9}{\376\377\011\211\011\232\011\315\011\232\011\270\011\315\011\244\011\260\011\307\011\260\000\040\011\255\011\276\011\267\011\276}{chapter.5}% 254
\BOOKMARK [2][-]{subsection.5.9.1}{\376\377\000H\000i\000g\000h\000\040\000l\000e\000v\000e\000l\000\040\000l\000a\000n\000g\000u\000a\000g\000e\000\040\011\225\011\300}{section.5.9}% 255
\BOOKMARK [2][-]{subsection.5.9.2}{\376\377\011\211\011\246\011\276\011\271\011\260\011\243}{section.5.9}% 256
\BOOKMARK [1][-]{section.5.10}{\376\377\011\232\011\244\011\301\011\260\011\315\011\245\000\040\011\252\011\315\011\260\011\234\011\250\011\315\011\256\011\307\011\260\000\040\011\255\011\276\011\267\011\276\000\040\000\050\0004\000G\000L\000\051}{chapter.5}% 257
\BOOKMARK [2][-]{subsection.5.10.1}{\376\377\0004\000G\000L\000\040\011\225\011\300}{section.5.10}% 258
\BOOKMARK [2][-]{subsection.5.10.2}{\376\377\011\211\011\246\011\276\011\271\011\260\011\243\000\040\011\223\000\040\011\254\011\315\011\257\011\254\011\271\011\276\011\260}{section.5.10}% 259
\BOOKMARK [1][-]{section.5.11}{\376\377\011\205\011\250\011\301\011\254\011\276\011\246\011\225\000\040\000\050\000T\000r\000a\000n\000s\000l\000a\000t\000o\000r\000\051\000\040\011\252\011\315\011\260\011\313\011\227\011\315\011\260\011\276\011\256}{chapter.5}% 260
\BOOKMARK [2][-]{subsection.5.11.1}{\376\377\000T\000r\000a\000n\000s\000l\000a\000t\000o\000r\000\040\000P\000r\000o\000g\000r\000a\000m\000\040\011\225\011\300}{section.5.11}% 261
\BOOKMARK [1][-]{section.5.12}{\376\377\000C\000o\000m\000p\000i\000l\000e\000r}{chapter.5}% 262
\BOOKMARK [2][-]{subsection.5.12.1}{\376\377\000C\000o\000m\000p\000i\000l\000e\000r\000\040\011\225\011\300}{section.5.12}% 263
\BOOKMARK [2][-]{subsection.5.12.2}{\376\377\011\270\011\301\011\254\011\277\011\247\011\276\000\040\011\223\000\040\011\205\011\270\011\301\011\254\011\277\011\247\011\276}{section.5.12}% 264
\BOOKMARK [1][-]{section.5.13}{\376\377\000I\000n\000t\000e\000r\000p\000r\000e\000t\000e\000r}{chapter.5}% 265
\BOOKMARK [2][-]{subsection.5.13.1}{\376\377\000I\000n\000t\000e\000r\000p\000r\000e\000t\000e\000r\000\040\011\225\011\300}{section.5.13}% 266
\BOOKMARK [2][-]{subsection.5.13.2}{\376\377\011\270\011\301\011\254\011\277\011\247\011\276\000\040\011\223\000\040\011\205\011\270\011\301\011\254\011\277\011\247\011\276}{section.5.13}% 267
\BOOKMARK [1][-]{section.5.14}{\376\377\000A\000s\000s\000e\000m\000b\000l\000e\000r}{chapter.5}% 268
\BOOKMARK [2][-]{subsection.5.14.1}{\376\377\000A\000s\000s\000e\000m\000b\000l\000e\000r\000\040\011\225\011\300}{section.5.14}% 269
\BOOKMARK [1][-]{section.5.15}{\376\377\011\252\011\315\011\260\011\313\011\227\011\315\011\260\011\276\011\256\011\307\011\260\000\040\011\270\011\202\011\227\011\240\011\250}{chapter.5}% 270
\BOOKMARK [2][-]{subsection.5.15.1}{\376\377\000P\000r\000o\000g\000r\000a\000m\000\040\000O\000r\000g\000a\000n\000i\000z\000a\000t\000i\000o\000n\000\040\011\225\011\300}{section.5.15}% 271
\BOOKMARK [2][-]{subsection.5.15.2}{\376\377\000P\000r\000o\000g\000r\000a\000m\000-\011\217\011\260\000\040\011\270\011\276\011\247\011\276\011\260\011\243\000\040\011\205\011\202\011\266}{section.5.15}% 272
\BOOKMARK [1][-]{section.5.16}{\376\377\011\252\011\315\011\260\011\313\011\227\011\315\011\260\011\276\011\256\000\040\011\211\011\250\011\315\011\250\011\337\011\250\011\307\011\260\000\040\011\247\011\276\011\252\011\270\011\256\011\302\011\271}{chapter.5}% 273
\BOOKMARK [1][-]{section.5.17}{\376\377\011\205\011\315\011\257\011\276\011\262\011\227\011\260\011\277\011\246\011\256}{chapter.5}% 274
\BOOKMARK [2][-]{subsection.5.17.1}{\376\377\000A\000l\000g\000o\000r\000i\000t\000h\000m\000-\011\217\011\260\000\040\011\247\011\276\011\260\011\243\011\276}{section.5.17}% 275
\BOOKMARK [2][-]{subsection.5.17.2}{\376\377\000A\000l\000g\000o\000r\000i\000t\000h\000m\000\040\011\262\011\307\011\226\011\276\011\260\000\040\011\250\011\277\011\337\011\256\000\040\011\223\000\040\011\211\011\246\011\276\011\271\011\260\011\243}{section.5.17}% 276
\BOOKMARK [1][-]{section.5.18}{\376\377\011\253\011\315\011\262\011\313\011\232\011\276\011\260\011\315\011\237}{chapter.5}% 277
\BOOKMARK [2][-]{subsection.5.18.1}{\376\377\000F\000l\000o\000w\000c\000h\000a\000r\000t\000-\011\217\011\260\000\040\011\247\011\276\011\260\011\243\011\276}{section.5.18}% 278
\BOOKMARK [2][-]{subsection.5.18.2}{\376\377\000F\000l\000o\000w\000c\000h\000a\000r\000t\000\040\000S\000y\000m\000b\000o\000l}{section.5.18}% 279
\BOOKMARK [2][-]{subsection.5.18.3}{\376\377\000P\000r\000a\000c\000t\000i\000c\000e}{section.5.18}% 280
\BOOKMARK [1][-]{section.5.19}{\376\377\011\252\011\315\011\260\011\313\011\227\011\315\011\260\011\276\011\256\000\040\011\241\011\277\011\234\011\276\011\207\011\250\000\040\011\256\011\241\011\307\011\262}{chapter.5}% 281
\BOOKMARK [2][-]{subsection.5.19.1}{\376\377\000S\000t\000r\000u\000c\000t\000u\000r\000e\000d\000\040\000P\000r\000o\000g\000r\000a\000m\000m\000i\000n\000g}{section.5.19}% 282
\BOOKMARK [2][-]{subsection.5.19.2}{\376\377\000V\000i\000s\000u\000a\000l\000\040\000P\000r\000o\000g\000r\000a\000m\000m\000i\000n\000g\000,\000\040\000O\000O\000P\000,\000\040\000E\000v\000e\000n\000t\000\040\000D\000r\000i\000v\000e\000n}{section.5.19}% 283
\BOOKMARK [1][-]{section.5.20}{\376\377\000S\000t\000r\000u\000c\000t\000u\000r\000e\000d\000\040\000P\000r\000o\000g\000r\000a\000m\000m\000i\000n\000g}{chapter.5}% 284
\BOOKMARK [1][-]{section.5.21}{\376\377\000V\000i\000s\000u\000a\000l\000\040\000P\000r\000o\000g\000r\000a\000m\000m\000i\000n\000g}{chapter.5}% 285
\BOOKMARK [1][-]{section.5.22}{\376\377\000O\000b\000j\000e\000c\000t\000\040\000O\000r\000i\000e\000n\000t\000e\000d\000\040\000P\000r\000o\000g\000r\000a\000m\000m\000i\000n\000g}{chapter.5}% 286
\BOOKMARK [1][-]{section.5.23}{\376\377\000E\000v\000e\000n\000t\000\040\000D\000r\000i\000v\000e\000n\000\040\000P\000r\000o\000g\000r\000a\000m\000m\000i\000n\000g}{chapter.5}% 287
\BOOKMARK [1][-]{section.5.24}{\376\377\000C\000\040\011\252\011\315\011\260\011\313\011\227\011\315\011\260\011\276\011\256\011\277\011\202\000\040\040\024\000\040\011\252\011\315\011\260\011\276\011\245\011\256\011\277\011\225\000\040\011\247\011\276\011\260\011\243\011\276}{chapter.5}% 288
\BOOKMARK [1][-]{section.5.25}{\376\377\000C\000\040\011\255\011\276\011\267\011\276\011\260\000\040\011\254\011\310\011\266\011\277\011\267\011\315\011\237\011\315\011\257}{chapter.5}% 289
\BOOKMARK [1][-]{section.5.26}{\376\377\000C\000\040\000P\000r\000o\000g\000r\000a\000m\000\040\000C\000o\000m\000p\000i\000l\000i\000n\000g}{chapter.5}% 290
\BOOKMARK [1][-]{section.5.27}{\376\377\000C\000\040\000P\000r\000o\000g\000r\000a\000m\000-\011\217\011\260\000\040\011\227\011\240\011\250}{chapter.5}% 291
\BOOKMARK [2][-]{subsection.5.27.1}{\376\377\011\256\011\302\011\262\000\040\011\205\011\202\011\266}{section.5.27}% 292
\BOOKMARK [1][-]{section.5.28}{\376\377\000D\000a\000t\000a\000\040\000T\000y\000p\000e}{chapter.5}% 293
\BOOKMARK [1][-]{section.5.29}{\376\377\000C\000o\000n\000s\000t\000a\000n\000t}{chapter.5}% 294
\BOOKMARK [1][-]{section.5.30}{\376\377\000V\000a\000r\000i\000a\000b\000l\000e}{chapter.5}% 295
\BOOKMARK [1][-]{section.5.31}{\376\377\000O\000p\000e\000r\000a\000t\000o\000r}{chapter.5}% 296
\BOOKMARK [1][-]{section.5.32}{\376\377\000E\000x\000p\000r\000e\000s\000s\000i\000o\000n}{chapter.5}% 297
\BOOKMARK [1][-]{section.5.33}{\376\377\000K\000e\000y\000w\000o\000r\000d}{chapter.5}% 298
\BOOKMARK [1][-]{section.5.34}{\376\377\000I\000n\000p\000u\000t\000/\000O\000u\000t\000p\000u\000t\000\040\000S\000t\000a\000t\000e\000m\000e\000n\000t}{chapter.5}% 299
\BOOKMARK [2][-]{subsection.5.34.1}{\376\377\000O\000u\000t\000p\000u\000t\000:\000\040\000p\000r\000i\000n\000t\000f}{section.5.34}% 300
\BOOKMARK [2][-]{subsection.5.34.2}{\376\377\000I\000n\000p\000u\000t\000:\000\040\000s\000c\000a\000n\000f}{section.5.34}% 301
\BOOKMARK [1][-]{section.5.35}{\376\377\000C\000o\000n\000d\000i\000t\000i\000o\000n\000a\000l\000\040\000S\000t\000a\000t\000e\000m\000e\000n\000t}{chapter.5}% 302
\BOOKMARK [2][-]{subsection.5.35.1}{\376\377\011\211\011\246\011\276\011\271\011\260\011\243}{section.5.35}% 303
\BOOKMARK [1][-]{section.5.36}{\376\377\000L\000o\000o\000p\000\040\000S\000t\000a\000t\000e\000m\000e\000n\000t}{chapter.5}% 304
\BOOKMARK [2][-]{subsection.5.36.1}{\376\377\011\254\011\315\011\257\011\254\011\271\011\276\011\260}{section.5.36}% 305
\BOOKMARK [1][-]{section.5.37}{\376\377\000A\000r\000r\000a\000y}{chapter.5}% 306
\BOOKMARK [2][-]{subsection.5.37.1}{\376\377\011\211\011\246\011\276\011\271\011\260\011\243}{section.5.37}% 307
\BOOKMARK [1][-]{section.5.38}{\376\377\000F\000u\000n\000c\000t\000i\000o\000n}{chapter.5}% 308
\BOOKMARK [1][-]{section.5.39}{\376\377\000P\000r\000a\000c\000t\000i\000c\000a\000l\000\040\000P\000r\000o\000g\000r\000a\000m\000\040\000P\000r\000a\000c\000t\000i\000c\000e}{chapter.5}% 309
\BOOKMARK [1][-]{section.5.40}{\376\377\011\205\011\250\011\301\011\266\011\300\011\262\011\250\011\300}{chapter.5}% 310
\BOOKMARK [2][-]{subsection.5.40.1}{\376\377\011\252\011\315\011\260\011\266\011\315\011\250\011\307\011\260\000\040\011\247\011\260\011\250}{section.5.40}% 311
\BOOKMARK [2][-]{subsection.5.40.2}{\376\377\011\252\011\315\011\260\011\315\011\257\011\276\011\225\011\237\011\277\011\270\000\040\011\252\011\315\011\260\011\313\011\227\011\315\011\260\011\276\011\256\000\040\011\223\000\040\011\225\011\276\011\260\011\315\011\257\011\276\011\254\011\262\011\300}{section.5.40}% 312
\BOOKMARK [0][-]{chapter.6}{\376\377\011\241\011\307\011\237\011\276\011\254\011\307\011\234\000\040\011\256\011\315\011\257\011\276\011\250\011\307\011\234\011\256\011\307\011\250\011\315\011\237\000\040\011\270\011\277\011\270\011\315\011\237\011\307\011\256}{}% 313
\BOOKMARK [1][-]{section.6.1}{\376\377\011\241\011\307\011\237\011\276\011\254\011\307\011\234\000\040\011\256\011\315\011\257\011\276\011\250\011\307\011\234\011\256\011\307\011\250\011\315\011\237\000\040\011\270\011\277\011\270\011\315\011\237\011\307\011\256\000\040\040\024\000\040\011\252\011\260\011\277\011\232\011\277\011\244\011\277}{chapter.6}% 314
\BOOKMARK [1][-]{section.6.2}{\376\377\011\241\011\307\011\237\011\276\011\254\011\307\011\234\011\307\011\260\000\040\011\256\011\314\011\262\011\277\011\225\000\040\011\211\011\252\011\276\011\246\011\276\011\250}{chapter.6}% 315
\BOOKMARK [2][-]{subsection.6.2.1}{\376\377\000F\000i\000e\000l\000d}{section.6.2}% 316
\BOOKMARK [2][-]{subsection.6.2.2}{\376\377\000R\000e\000c\000o\000r\000d\000,\000\040\000T\000a\000b\000l\000e\000,\000\040\000F\000i\000l\000e}{section.6.2}% 317
\BOOKMARK [2][-]{subsection.6.2.3}{\376\377\000E\000n\000t\000i\000t\000y\000,\000\040\000A\000t\000t\000r\000i\000b\000u\000t\000e\000,\000\040\000T\000u\000p\000l\000e\000,\000\040\000D\000o\000m\000a\000i\000n}{section.6.2}% 318
\BOOKMARK [1][-]{section.6.3}{\376\377\011\241\011\307\011\237\011\276\011\254\011\307\011\234\000\040\011\256\011\315\011\257\011\276\011\250\011\307\011\234\011\256\011\307\011\250\011\315\011\237\000\040\011\270\011\277\011\270\011\315\011\237\011\307\011\256}{chapter.6}% 319
\BOOKMARK [2][-]{subsection.6.3.1}{\376\377\000D\000B\000M\000S\000\040\011\225\011\300}{section.6.3}% 320
\BOOKMARK [2][-]{subsection.6.3.2}{\376\377\000D\000B\000M\000S\000-\011\217\011\260\000\040\011\225\011\276\011\234}{section.6.3}% 321
\BOOKMARK [2][-]{subsection.6.3.3}{\376\377\011\270\011\301\011\254\011\277\011\247\011\276\000\040\011\223\000\040\011\205\011\270\011\301\011\254\011\277\011\247\011\276}{section.6.3}% 322
\BOOKMARK [1][-]{section.6.4}{\376\377\000R\000e\000l\000a\000t\000i\000o\000n\000a\000l\000\040\000D\000a\000t\000a\000b\000a\000s\000e\000\040\000M\000a\000n\000a\000g\000e\000m\000e\000n\000t\000\040\000S\000y\000s\000t\000e\000m\000\040\000\050\000R\000D\000B\000M\000S\000\051}{chapter.6}% 323
\BOOKMARK [2][-]{subsection.6.4.1}{\376\377\000R\000D\000B\000M\000S\000\040\011\225\011\300}{section.6.4}% 324
\BOOKMARK [2][-]{subsection.6.4.2}{\376\377\011\254\011\310\011\266\011\277\011\267\011\315\011\237\011\315\011\257\000\040\011\223\000\040\011\254\011\315\011\257\011\254\011\271\011\276\011\260}{section.6.4}% 325
\BOOKMARK [2][-]{subsection.6.4.3}{\376\377\011\234\011\250\011\252\011\315\011\260\011\277\011\337\000\040\011\270\011\253\011\237\011\223\011\337\011\315\011\257\011\276\011\260}{section.6.4}% 326
\BOOKMARK [1][-]{section.6.5}{\376\377\011\241\011\307\011\237\011\276\011\254\011\307\011\234\000\040\011\244\011\310\011\260\011\277}{chapter.6}% 327
\BOOKMARK [2][-]{subsection.6.5.1}{\376\377\011\244\011\310\011\260\011\277\011\260\000\040\011\247\011\276\011\252}{section.6.5}% 328
\BOOKMARK [2][-]{subsection.6.5.2}{\376\377\000T\000a\000b\000l\000e\000\040\011\223\000\040\000F\000i\000e\000l\000d\000\040\011\241\011\277\011\234\011\276\011\207\011\250}{section.6.5}% 329
\BOOKMARK [1][-]{section.6.6}{\376\377\011\241\011\307\011\237\011\276\000\040\011\237\011\276\011\207\011\252}{chapter.6}% 330
\BOOKMARK [2][-]{subsection.6.6.1}{\376\377\011\252\011\315\011\260\011\337\011\313\011\227}{section.6.6}% 331
\BOOKMARK [1][-]{section.6.7}{\376\377\000Q\000u\000e\000r\000y}{chapter.6}% 332
\BOOKMARK [2][-]{subsection.6.7.1}{\376\377\000Q\000u\000e\000r\000y\000\040\011\225\011\300}{section.6.7}% 333
\BOOKMARK [2][-]{subsection.6.7.2}{\376\377\000Q\000u\000e\000r\000y\000-\011\217\011\260\000\040\011\247\011\260\011\250\000\040\011\223\000\040\000C\000o\000n\000d\000i\000t\000i\000o\000n}{section.6.7}% 334
\BOOKMARK [2][-]{subsection.6.7.3}{\376\377\011\252\011\315\011\260\011\315\011\257\011\276\011\225\011\237\011\277\011\225\011\315\011\257\011\276\011\262\000\040\011\211\011\246\011\276\011\271\011\260\011\243}{section.6.7}% 335
\BOOKMARK [1][-]{section.6.8}{\376\377\000S\000o\000r\000t\000i\000n\000g}{chapter.6}% 336
\BOOKMARK [2][-]{subsection.6.8.1}{\376\377\000S\000o\000r\000t\000i\000n\000g\000\040\011\225\011\300}{section.6.8}% 337
\BOOKMARK [2][-]{subsection.6.8.2}{\376\377\011\254\011\315\011\257\011\254\011\271\011\276\011\260}{section.6.8}% 338
\BOOKMARK [1][-]{section.6.9}{\376\377\000I\000n\000d\000e\000x\000i\000n\000g}{chapter.6}% 339
\BOOKMARK [2][-]{subsection.6.9.1}{\376\377\000I\000n\000d\000e\000x\000i\000n\000g\000\040\011\225\011\300}{section.6.9}% 340
\BOOKMARK [2][-]{subsection.6.9.2}{\376\377\011\270\011\301\011\254\011\277\011\247\011\276\000\040\011\223\000\040\011\205\011\270\011\301\011\254\011\277\011\247\011\276}{section.6.9}% 341
\BOOKMARK [1][-]{section.6.10}{\376\377\000D\000a\000t\000a\000b\000a\000s\000e\000\040\000R\000e\000l\000a\000t\000i\000o\000n}{chapter.6}% 342
\BOOKMARK [2][-]{subsection.6.10.1}{\376\377\000R\000e\000l\000a\000t\000i\000o\000n\000\040\011\225\011\300\000\040\011\223\000\040\011\246\011\260\011\225\011\276\011\260\011\277\000\040\011\247\011\260\011\250}{section.6.10}% 343
\BOOKMARK [2][-]{subsection.6.10.2}{\376\377\000J\000u\000n\000c\000t\000i\000o\000n\000\040\000t\000a\000b\000l\000e\000\040\011\206\011\262\011\313\011\232\011\250\011\276}{section.6.10}% 344
\BOOKMARK [1][-]{section.6.11}{\376\377\000F\000o\000r\000m}{chapter.6}% 345
\BOOKMARK [2][-]{subsection.6.11.1}{\376\377\000F\000o\000r\000m\000\040\011\225\011\300}{section.6.11}% 346
\BOOKMARK [2][-]{subsection.6.11.2}{\376\377\000F\000o\000r\000m\000\040\000v\000i\000e\000w\000\040\011\223\000\040\000D\000e\000s\000i\000g\000n\000\040\000v\000i\000e\000w}{section.6.11}% 347
\BOOKMARK [1][-]{section.6.12}{\376\377\000R\000e\000p\000o\000r\000t}{chapter.6}% 348
\BOOKMARK [2][-]{subsection.6.12.1}{\376\377\000R\000e\000p\000o\000r\000t\000\040\011\225\011\300}{section.6.12}% 349
\BOOKMARK [2][-]{subsection.6.12.2}{\376\377\011\252\011\315\011\260\011\225\011\276\011\260\011\255\011\307\011\246\000\040\011\223\000\040\011\254\011\315\011\257\011\254\011\271\011\276\011\260}{section.6.12}% 350
\BOOKMARK [1][-]{section.6.13}{\376\377\000C\000o\000r\000p\000o\000r\000a\000t\000e\000\040\000D\000a\000t\000a\000b\000a\000s\000e}{chapter.6}% 351
\BOOKMARK [2][-]{subsection.6.13.1}{\376\377\011\270\011\256\011\315\011\252\011\315\011\260\011\270\011\276\011\260\011\243\000\040\011\223\000\040\011\254\011\315\011\257\011\254\011\271\011\276\011\260}{section.6.13}% 352
\BOOKMARK [2][-]{subsection.6.13.2}{\376\377\011\270\011\253\011\237\011\223\011\337\011\315\011\257\011\276\011\260\000\040\011\223\000\040\011\270\011\301\011\254\011\277\011\247\011\276}{section.6.13}% 353
\BOOKMARK [1][-]{section.6.14}{\376\377\011\270\011\260\011\225\011\276\011\260\011\277\000\040\011\252\011\315\011\260\011\244\011\277\011\267\011\315\011\240\011\276\011\250\011\307\000\040\011\241\011\307\011\237\011\276\011\254\011\307\011\234}{chapter.6}% 354
\BOOKMARK [2][-]{subsection.6.14.1}{\376\377\011\247\011\276\011\260\011\243\011\276\000\040\011\223\000\040\011\254\011\315\011\257\011\254\011\271\011\276\011\260}{section.6.14}% 355
\BOOKMARK [2][-]{subsection.6.14.2}{\376\377\011\270\011\301\011\254\011\277\011\247\011\276}{section.6.14}% 356
\BOOKMARK [1][-]{section.6.15}{\376\377\000D\000a\000t\000a\000\040\000S\000e\000c\000u\000r\000i\000t\000y}{chapter.6}% 357
\BOOKMARK [2][-]{subsection.6.15.1}{\376\377\000S\000e\000c\000u\000r\000i\000t\000y\000\040\011\225\011\300\000\040\011\223\000\040\011\252\011\315\011\260\011\337\011\313\011\234\011\250\011\300\011\337\011\244\011\276}{section.6.15}% 358
\BOOKMARK [2][-]{subsection.6.15.2}{\376\377\000S\000e\000c\000u\000r\000i\000t\000y\000\040\011\252\011\246\011\315\011\247\011\244\011\277}{section.6.15}% 359
\BOOKMARK [1][-]{section.6.16}{\376\377\000D\000a\000t\000a\000\040\000E\000n\000c\000r\000y\000p\000t\000i\000o\000n}{chapter.6}% 360
\BOOKMARK [2][-]{subsection.6.16.1}{\376\377\000E\000n\000c\000r\000y\000p\000t\000i\000o\000n\000\040\011\223\000\040\000D\000e\000c\000r\000y\000p\000t\000i\000o\000n}{section.6.16}% 361
\BOOKMARK [2][-]{subsection.6.16.2}{\376\377\011\247\011\260\011\250\000\040\011\223\000\040\011\254\011\315\011\257\011\254\011\271\011\276\011\260}{section.6.16}% 362
\BOOKMARK [1][-]{section.6.17}{\376\377\000P\000r\000a\000c\000t\000i\000c\000a\000l\000\040\000D\000a\000t\000a\000b\000a\000s\000e\000\040\000T\000a\000s\000k}{chapter.6}% 363
\BOOKMARK [1][-]{section.6.18}{\376\377\011\205\011\250\011\301\011\266\011\300\011\262\011\250\011\300}{chapter.6}% 364
