\BOOKMARK [0][-]{chapter.1}{\376\377\011\241\011\307\011\237\011\276\011\254\011\307\011\234\000\040\011\256\011\315\011\257\011\276\011\250\011\307\011\234\011\256\011\307\011\250\011\315\011\237\000\040\011\270\011\277\011\270\011\315\011\237\011\307\011\256}{}% 1
\BOOKMARK [1][-]{section.1.1}{\376\377\011\241\011\307\011\237\011\276\011\254\011\307\011\234\000\040\011\256\011\315\011\257\011\276\011\250\011\307\011\234\011\256\011\307\011\250\011\315\011\237\000\040\011\270\011\277\011\270\011\315\011\237\011\307\011\256\000\040\040\024\000\040\011\252\011\260\011\277\011\232\011\277\011\244\011\277}{chapter.1}% 2
\BOOKMARK [2][-]{subsection.1.1.1}{\376\377\011\205\011\247\011\315\011\257\011\276\011\337\011\307\011\260\000\040\011\256\011\276\011\250\011\232\011\277\011\244\011\315\011\260}{section.1.1}% 3
\BOOKMARK [1][-]{section.1.2}{\376\377\011\241\011\307\011\237\011\276\011\254\011\307\011\234\011\307\011\260\000\040\011\256\011\314\011\262\011\277\011\225\000\040\011\211\011\252\011\276\011\246\011\276\011\250}{chapter.1}% 4
\BOOKMARK [2][-]{subsection.1.2.1}{\376\377\011\247\011\276\011\260\011\243\011\276}{section.1.2}% 5
\BOOKMARK [2][-]{subsection.1.2.2}{\376\377\000E\000n\000t\000i\000t\000y\000,\000\040\000A\000t\000t\000r\000i\000b\000u\000t\000e\000,\000\040\000T\000u\000p\000l\000e\000,\000\040\000D\000o\000m\000a\000i\000n}{section.1.2}% 6
\BOOKMARK [2][-]{subsection.1.2.3}{\376\377\000S\000t\000u\000d\000e\000n\000t\000\040\000T\000a\000b\000l\000e\000\040\011\211\011\246\011\276\011\271\011\260\011\243}{section.1.2}% 7
\BOOKMARK [1][-]{section.1.3}{\376\377\011\241\011\307\011\237\011\276\011\254\011\307\011\234\000\040\011\256\011\315\011\257\011\276\011\250\011\307\011\234\011\256\011\307\011\250\011\315\011\237\000\040\011\270\011\277\011\270\011\315\011\237\011\307\011\256}{chapter.1}% 8
\BOOKMARK [2][-]{subsection.1.3.1}{\376\377\000D\000B\000M\000S\000\040\011\225\011\300}{section.1.3}% 9
\BOOKMARK [2][-]{subsection.1.3.2}{\376\377\000D\000B\000M\000S\000-\011\217\011\260\000\040\011\225\011\276\011\234}{section.1.3}% 10
\BOOKMARK [2][-]{subsection.1.3.3}{\376\377\011\270\011\301\011\254\011\277\011\247\011\276\000\040\011\223\000\040\011\270\011\300\011\256\011\276\011\254\011\246\011\315\011\247\011\244\011\276}{section.1.3}% 11
\BOOKMARK [1][-]{section.1.4}{\376\377\000R\000e\000l\000a\000t\000i\000o\000n\000a\000l\000\040\000D\000a\000t\000a\000b\000a\000s\000e\000\040\000M\000a\000n\000a\000g\000e\000m\000e\000n\000t\000\040\000S\000y\000s\000t\000e\000m\000\040\000\050\000R\000D\000B\000M\000S\000\051}{chapter.1}% 12
\BOOKMARK [2][-]{subsection.1.4.1}{\376\377\000R\000D\000B\000M\000S\000-\011\217\011\260\000\040\011\247\011\276\011\260\011\243\011\276}{section.1.4}% 13
\BOOKMARK [2][-]{subsection.1.4.2}{\376\377\000R\000D\000B\000M\000S\000-\011\217\011\260\000\040\011\254\011\310\011\266\011\277\011\267\011\315\011\237\011\315\011\257}{section.1.4}% 14
\BOOKMARK [1][-]{section.1.5}{\376\377\011\241\011\307\011\237\011\276\011\254\011\307\011\234\000\040\011\244\011\310\011\260\011\277}{chapter.1}% 15
\BOOKMARK [2][-]{subsection.1.5.1}{\376\377\011\244\011\310\011\260\011\277\011\260\000\040\011\247\011\276\011\252}{section.1.5}% 16
\BOOKMARK [2][-]{subsection.1.5.2}{\376\377\000T\000a\000b\000l\000e\000\040\000D\000e\000s\000i\000g\000n\000\040\011\211\011\246\011\276\011\271\011\260\011\243}{section.1.5}% 17
\BOOKMARK [1][-]{section.1.6}{\376\377\011\241\011\307\011\237\011\276\000\040\011\237\011\276\011\207\011\252}{chapter.1}% 18
\BOOKMARK [2][-]{subsection.1.6.1}{\376\377\011\241\011\307\011\237\011\276\000\040\011\237\011\276\011\207\011\252\000\040\011\225\011\307\011\250\000\040\011\246\011\260\011\225\011\276\011\260}{section.1.6}% 19
\BOOKMARK [1][-]{section.1.7}{\376\377\000Q\000u\000e\000r\000y}{chapter.1}% 20
\BOOKMARK [2][-]{subsection.1.7.1}{\376\377\000Q\000u\000e\000r\000y\000\040\011\225\011\300}{section.1.7}% 21
\BOOKMARK [2][-]{subsection.1.7.2}{\376\377\000Q\000u\000e\000r\000y\000-\011\217\011\260\000\040\011\247\011\260\011\250}{section.1.7}% 22
\BOOKMARK [2][-]{subsection.1.7.3}{\376\377\000S\000Q\000L\000\040\011\211\011\246\011\276\011\271\011\260\011\243}{section.1.7}% 23
\BOOKMARK [1][-]{section.1.8}{\376\377\000S\000o\000r\000t\000i\000n\000g}{chapter.1}% 24
\BOOKMARK [2][-]{subsection.1.8.1}{\376\377\000S\000o\000r\000t\000i\000n\000g\000\040\011\225\011\300}{section.1.8}% 25
\BOOKMARK [2][-]{subsection.1.8.2}{\376\377\011\254\011\315\011\257\011\254\011\271\011\276\011\260}{section.1.8}% 26
\BOOKMARK [1][-]{section.1.9}{\376\377\000I\000n\000d\000e\000x\000i\000n\000g}{chapter.1}% 27
\BOOKMARK [2][-]{subsection.1.9.1}{\376\377\000I\000n\000d\000e\000x\000i\000n\000g\000\040\011\225\011\300}{section.1.9}% 28
\BOOKMARK [2][-]{subsection.1.9.2}{\376\377\011\270\011\301\011\254\011\277\011\247\011\276\000\040\011\223\000\040\011\270\011\300\011\256\011\276\011\254\011\246\011\315\011\247\011\244\011\276}{section.1.9}% 29
\BOOKMARK [1][-]{section.1.10}{\376\377\000D\000a\000t\000a\000b\000a\000s\000e\000\040\000R\000e\000l\000a\000t\000i\000o\000n}{chapter.1}% 30
\BOOKMARK [2][-]{subsection.1.10.1}{\376\377\000R\000e\000l\000a\000t\000i\000o\000n\000\040\011\225\011\300}{section.1.10}% 31
\BOOKMARK [2][-]{subsection.1.10.2}{\376\377\000R\000e\000l\000a\000t\000i\000o\000n\000-\011\217\011\260\000\040\011\247\011\260\011\250}{section.1.10}% 32
\BOOKMARK [2][-]{subsection.1.10.3}{\376\377\000J\000u\000n\000c\000t\000i\000o\000n\000\040\000T\000a\000b\000l\000e}{section.1.10}% 33
\BOOKMARK [1][-]{section.1.11}{\376\377\000F\000o\000r\000m}{chapter.1}% 34
\BOOKMARK [2][-]{subsection.1.11.1}{\376\377\000F\000o\000r\000m\000\040\011\225\011\300}{section.1.11}% 35
\BOOKMARK [2][-]{subsection.1.11.2}{\376\377\000F\000o\000r\000m\000-\011\217\011\260\000\040\011\270\011\276\011\247\011\276\011\260\011\243\000\040\000c\000o\000n\000t\000r\000o\000l}{section.1.11}% 36
\BOOKMARK [1][-]{section.1.12}{\376\377\000R\000e\000p\000o\000r\000t}{chapter.1}% 37
\BOOKMARK [2][-]{subsection.1.12.1}{\376\377\000R\000e\000p\000o\000r\000t\000\040\011\225\011\300}{section.1.12}% 38
\BOOKMARK [2][-]{subsection.1.12.2}{\376\377\000R\000e\000p\000o\000r\000t\000-\011\217\011\260\000\040\011\254\011\315\011\257\011\254\011\271\011\276\011\260}{section.1.12}% 39
\BOOKMARK [1][-]{section.1.13}{\376\377\000C\000o\000r\000p\000o\000r\000a\000t\000e\000\040\000D\000a\000t\000a\000b\000a\000s\000e}{chapter.1}% 40
\BOOKMARK [2][-]{subsection.1.13.1}{\376\377\011\247\011\276\011\260\011\243\011\276}{section.1.13}% 41
\BOOKMARK [2][-]{subsection.1.13.2}{\376\377\011\254\011\315\011\257\011\254\011\271\011\276\011\260\011\225\011\315\011\267\011\307\011\244\011\315\011\260}{section.1.13}% 42
\BOOKMARK [1][-]{section.1.14}{\376\377\011\270\011\260\011\225\011\276\011\260\011\277\000\040\011\252\011\315\011\260\011\244\011\277\011\267\011\315\011\240\011\276\011\250\011\307\000\040\011\241\011\307\011\237\011\276\011\254\011\307\011\234}{chapter.1}% 43
\BOOKMARK [2][-]{subsection.1.14.1}{\376\377\011\247\011\276\011\260\011\243\011\276}{section.1.14}% 44
\BOOKMARK [2][-]{subsection.1.14.2}{\376\377\011\254\011\315\011\257\011\254\011\271\011\276\011\260\011\225\011\315\011\267\011\307\011\244\011\315\011\260}{section.1.14}% 45
\BOOKMARK [1][-]{section.1.15}{\376\377\000D\000a\000t\000a\000\040\000S\000e\000c\000u\000r\000i\000t\000y}{chapter.1}% 46
\BOOKMARK [2][-]{subsection.1.15.1}{\376\377\000S\000e\000c\000u\000r\000i\000t\000y\000\040\011\225\011\300\000\040\011\223\000\040\011\252\011\315\011\260\011\337\011\313\011\234\011\250\011\300\011\337\011\244\011\276}{section.1.15}% 47
\BOOKMARK [2][-]{subsection.1.15.2}{\376\377\011\270\011\276\011\247\011\276\011\260\011\243\000\040\011\235\011\301\011\201\011\225\011\277}{section.1.15}% 48
\BOOKMARK [2][-]{subsection.1.15.3}{\376\377\011\250\011\277\011\260\011\276\011\252\011\244\011\315\011\244\011\276\000\040\011\252\011\246\011\315\011\247\011\244\011\277}{section.1.15}% 49
\BOOKMARK [1][-]{section.1.16}{\376\377\000D\000a\000t\000a\000\040\000E\000n\000c\000r\000y\000p\000t\000i\000o\000n}{chapter.1}% 50
\BOOKMARK [2][-]{subsection.1.16.1}{\376\377\000E\000n\000c\000r\000y\000p\000t\000i\000o\000n\000\040\011\223\000\040\000D\000e\000c\000r\000y\000p\000t\000i\000o\000n}{section.1.16}% 51
\BOOKMARK [2][-]{subsection.1.16.2}{\376\377\011\256\011\302\011\262\000\040\011\266\011\254\011\315\011\246}{section.1.16}% 52
\BOOKMARK [2][-]{subsection.1.16.3}{\376\377\000C\000a\000e\000s\000a\000r\000\040\000C\000i\000p\000h\000e\000r\000\040\011\211\011\246\011\276\011\271\011\260\011\243}{section.1.16}% 53
\BOOKMARK [1][-]{section.1.17}{\376\377\000P\000r\000a\000c\000t\000i\000c\000a\000l\000\040\000D\000a\000t\000a\000b\000a\000s\000e\000\040\000T\000a\000s\000k}{chapter.1}% 54
\BOOKMARK [2][-]{subsection.1.17.1}{\376\377\000T\000a\000s\000k\000:\000\040\000S\000t\000u\000d\000e\000n\000t\000\040\000R\000e\000s\000u\000l\000t\000\040\000D\000a\000t\000a\000b\000a\000s\000e}{section.1.17}% 55
\BOOKMARK [2][-]{subsection.1.17.2}{\376\377\000T\000a\000b\000l\000e\000\040\000D\000e\000s\000i\000g\000n}{section.1.17}% 56
\BOOKMARK [2][-]{subsection.1.17.3}{\376\377\011\247\011\276\011\252\011\307\000\040\011\247\011\276\011\252\011\307\000\040\011\225\011\276\011\234}{section.1.17}% 57
\BOOKMARK [2][-]{subsection.1.17.4}{\376\377\000S\000a\000m\000p\000l\000e\000\040\000S\000Q\000L}{section.1.17}% 58
\BOOKMARK [1][-]{section.1.18}{\376\377\011\205\011\250\011\301\011\266\011\300\011\262\011\250\011\300}{chapter.1}% 59
\BOOKMARK [2][-]{subsection.1.18.1}{\376\377\011\205\011\247\011\315\011\257\011\276\011\337\000\040\011\260\011\277\011\255\011\277\011\266\011\250}{section.1.18}% 60
\BOOKMARK [2][-]{subsection.1.18.2}{\376\377\011\227\011\301\011\260\011\301\011\244\011\315\011\254\011\252\011\302\011\260\011\315\011\243\000\040\011\252\011\260\011\277\011\255\011\276\011\267\011\276}{section.1.18}% 61
\BOOKMARK [2][-]{subsection.1.18.3}{\376\377\011\254\011\313\011\260\011\315\011\241\000\040\011\253\011\313\011\225\011\276\011\270}{section.1.18}% 62
\BOOKMARK [2][-]{subsection.1.18.4}{\376\377\000M\000C\000Q}{section.1.18}% 63
\BOOKMARK [2][-]{subsection.1.18.5}{\376\377\011\234\011\315\011\236\011\276\011\250\011\256\011\302\011\262\011\225\000\040\011\252\011\315\011\260\011\266\011\315\011\250}{section.1.18}% 64
\BOOKMARK [2][-]{subsection.1.18.6}{\376\377\011\205\011\250\011\301\011\247\011\276\011\254\011\250\011\256\011\302\011\262\011\225\000\040\011\252\011\315\011\260\011\266\011\315\011\250}{section.1.18}% 65
\BOOKMARK [2][-]{subsection.1.18.7}{\376\377\011\252\011\315\011\260\011\337\011\313\011\227\011\256\011\302\011\262\011\225\000\040\011\252\011\315\011\260\011\266\011\315\011\250}{section.1.18}% 66
\BOOKMARK [2][-]{subsection.1.18.8}{\376\377\011\270\011\303\011\234\011\250\011\266\011\300\011\262\000\040\011\252\011\315\011\260\011\266\011\315\011\250}{section.1.18}% 67
\BOOKMARK [2][-]{subsection.1.18.9}{\376\377\011\254\011\315\011\257\011\254\011\271\011\276\011\260\011\277\011\225\000\040\011\225\011\276\011\234}{section.1.18}% 68
\BOOKMARK [2][-]{subsection.1.18.10}{\376\377\011\211\011\244\011\315\011\244\011\260\000\040\011\270\011\202\011\225\011\307\011\244}{section.1.18}% 69
