\BOOKMARK [0][-]{chapter.1}{\376\377\011\244\011\245\011\315\011\257\000\040\011\223\000\040\011\257\011\313\011\227\011\276\011\257\011\313\011\227\000\040\011\252\011\315\011\260\011\257\011\301\011\225\011\315\011\244\011\277\000:\000\040\011\254\011\277\011\266\011\315\011\254\000\040\011\223\000\040\011\254\011\276\011\202\011\262\011\276\011\246\011\307\011\266\000\040\011\252\011\315\011\260\011\307\011\225\011\315\011\267\011\277\011\244}{}% 1
\BOOKMARK [1][-]{section.1.1}{\376\377\011\254\011\277\011\266\011\315\011\254\011\227\011\315\011\260\011\276\011\256}{chapter.1}% 2
\BOOKMARK [1][-]{section.1.2}{\376\377\011\254\011\277\011\266\011\315\011\254\011\227\011\315\011\260\011\276\011\256\000\040\011\252\011\315\011\260\011\244\011\277\011\267\011\315\011\240\011\276\011\260\000\040\011\211\011\252\011\276\011\246\011\276\011\250\000\040\011\223\000\040\011\244\011\245\011\315\011\257\000\040\011\223\000\040\011\257\011\313\011\227\011\276\011\257\011\313\011\227\000\040\011\252\011\315\011\260\011\257\011\301\011\225\011\315\011\244\011\277\011\260\000\040\011\205\011\254\011\246\011\276\011\250}{chapter.1}% 3
\BOOKMARK [1][-]{section.1.3}{\376\377\011\255\011\276\011\260\011\315\011\232\011\301\011\337\011\276\011\262\000\040\011\260\011\277\011\337\011\307\011\262\011\277\011\237\011\277}{chapter.1}% 4
\BOOKMARK [1][-]{section.1.4}{\376\377\011\244\011\245\011\315\011\257\000\040\011\223\000\040\011\257\011\313\011\227\011\276\011\257\011\313\011\227\000\040\011\252\011\315\011\260\011\257\011\301\011\225\011\315\011\244\011\277\011\260\000\040\011\270\011\276\011\256\011\315\011\252\011\315\011\260\011\244\011\277\011\225\000\040\011\252\011\315\011\260\011\254\011\243\011\244\011\276}{chapter.1}% 5
\BOOKMARK [1][-]{section.1.5}{\376\377\011\244\011\245\011\315\011\257\000\040\011\223\000\040\011\257\011\313\011\227\011\276\011\257\011\313\011\227\000\040\011\252\011\315\011\260\011\257\011\301\011\225\011\315\011\244\011\277\000\040\011\254\011\315\011\257\011\254\011\271\011\276\011\260\011\307\000\040\011\250\011\310\011\244\011\277\011\225\011\244\011\276}{chapter.1}% 6
\BOOKMARK [1][-]{section.1.6}{\376\377\011\270\011\256\011\276\011\234\011\234\011\300\011\254\011\250\011\307\000\040\011\244\011\245\011\315\011\257\000\040\011\223\000\040\011\257\011\313\011\227\011\276\011\257\011\313\011\227\000\040\011\252\011\315\011\260\011\257\011\301\011\225\011\315\011\244\011\277\011\260\000\040\011\252\011\315\011\260\011\255\011\276\011\254}{chapter.1}% 7
\BOOKMARK [1][-]{section.1.7}{\376\377\011\244\011\245\011\315\011\257\000\040\011\223\000\040\011\257\011\313\011\227\011\276\011\257\011\313\011\227\000\040\011\252\011\315\011\260\011\257\011\301\011\225\011\315\011\244\011\277\000\040\011\217\011\254\011\202\000\040\011\205\011\260\011\315\011\245\011\250\011\310\011\244\011\277\011\225\000\040\011\211\011\250\011\315\011\250\011\337\011\250}{chapter.1}% 8
\BOOKMARK [0][-]{chapter.2}{\376\377\011\225\011\256\011\277\011\211\011\250\011\277\011\225\011\307\011\266\011\250\000\040\011\270\011\277\011\270\011\315\011\237\011\307\011\256\011\270\000\040\011\223\000\040\011\250\011\307\011\237\011\223\011\337\011\276\011\260\011\315\011\225\011\277\011\202}{}% 9
\BOOKMARK [1][-]{section.2.1}{\376\377\011\225\011\256\011\277\011\211\011\250\011\277\011\225\011\307\011\266\011\250\000\040\011\270\011\277\011\270\011\315\011\237\011\307\011\256\000\040\011\223\000\040\011\254\011\315\011\257\011\276\011\250\011\315\011\241\011\211\011\207\011\241\011\245}{chapter.2}% 10
\BOOKMARK [1][-]{section.2.2}{\376\377\011\241\011\307\011\237\011\276\000\040\011\237\011\315\011\260\011\276\011\250\011\315\011\270\011\256\011\277\011\266\011\250\000\040\011\256\011\307\011\245\011\241\000\040\011\223\000\040\011\256\011\313\011\241}{chapter.2}% 11
\BOOKMARK [1][-]{section.2.3}{\376\377\011\241\011\307\011\237\011\276\000\040\011\225\011\256\011\277\011\211\011\250\011\277\011\225\011\307\011\266\011\250\000\040\011\256\011\277\011\241\011\277\011\337\011\276\000\040\000\050\000O\000v\000e\000r\000v\000i\000e\000w\000\05.2.5}{\376\377\011\250\011\307\011\237\011\223\011\337\011\276\011\260\011\315\011\225\000\040\011\223\000\040\011\207\011\250\011\315\011\237\011\276\011\260\011\250\011\307\011\237}{section.1.2}% 20
\BOOKMARK [2][-]{subsection.1.2.6}{\376\377\011\256\011\276\011\250\011\301\011\267\011\307\011\260\000\040\011\234\011\315\011\236\011\276\011\250\000\040\011\223\000\040\011\246\011\225\011\315\011\267\011\244\011\276}{section.1.2}% 21
\BOOKMARK [2][-]{subsection.1.2.7}{\376\377\011\266\011\277\011\225\011\315\011\267\011\276\011\337\000\040\011\244\011\245\011\315\011\257\000\040\011\223\000\040\011\257\011\313\011\227\011\276\011\257\011\313\011\227\000\040\011\252\011\315\011\260\011\257\011\301\011\225\011\315\011\244\011\277\011\260\000\040\011\205\011\254\011\246\011\276\011\250}{section.1.2}% 22
\BOOKMARK [2][-]{subsection.1.2.8}{\376\377\011\232\011\277\011\225\011\277\011\316\011\270\011\276\011\337\000\040\011\244\011\245\011\315\011\257\000\040\011\223\000\040\011\257\011\313\011\227\011\276\011\257\011\313\011\227\000\040\011\252\011\315\011\260\011\257\011\301\011\225\011\315\011\244\011\277\011\260\000\040\011\205\011\254\011\246\011\276\011\250}{section.1.2}% 23
\BOOKMARK [2][-]{subsection.1.2.9}{\376\377\011\254\011\315\011\257\011\254\011\270\011\276\000-\011\254\011\276\011\243\011\277\011\234\011\315\011\257\011\307\000\040\011\244\011\245\011\315\011\257\000\040\011\223\000\040\011\257\011\313\011\227\011\276\011\257\011\313\011\227\000\040\011\252\011\315\011\260\011\257\011\301\011\225\011\315\011\244\011\277\011\260\000\040\011\205\011\254\011\246\011\276\011\250}{section.1.2}% 24
\BOOKMARK [2][-]{subsection.1.2.10}{\376\377\011\227\011\254\011\307\011\267\011\243\011\276\011\337\000\040\011\244\011\245\011\315\011\257\000\040\011\223\000\040\011\257\011\313\011\227\011\276\011\257\011\313\011\227\000\040\011\252\011\315\011\260\011\257\011\301\011\225\011\315\011\244\011\277\011\260\000\040\011\205\011\254\011\246\011\276\011\250}{section.1.2}% 25
\BOOKMARK [2][-]{subsection.1.2.11}{\376\377\011\225\011\260\011\315\011\256\011\270\011\202\011\270\011\315\011\245\011\276\011\250\011\307\000\040\011\244\011\245\011\315\011\257\000\040\011\223\000\040\011\257\011\313\011\227\011\276\011\257\011\313\011\227\000\040\011\252\011\315\011\260\011\257\011\301\011\225\011\315\011\244\011\277\011\260\000\040\011\205\011\254\011\246\011\276\011\250}{section.1.2}% 26
\BOOKMARK [1][-]{section.1.3}{\376\377\011\255\011\276\011\260\011\315\011\232\011\301\011\337\011\276\011\262\000\040\011\260\011\277\011\337\011\307\011\262\011\277\011\237\011\277}{chapter.1}% 27
\BOOKMARK [2][-]{subsection.1.3.1}{\376\377\011\255\011\276\011\260\011\315\011\232\011\301\011\337\011\276\011\262\000\040\011\260\011\277\011\337\011\307\011\262\011\277\011\237\011\277\011\260\000\040\011\247\011\276\011\260\011\243\011\276}{section.1.3}% 28
0m\000p\000l\000e\000m\000e\000n\000t}{chapter.3}% 27
\BOOKMARK [1][-]{section.3.7}{\376\377\011\225\011\313\011\241\000:\000\040\011\247\011\276\011\260\011\243\011\276\000\040\011\223\000\040\011\252\011\315\011\260\011\337\011\313\011\234\011\250}{chapter.3}% 28
\BOOKMARK [1][-]{section.3.8}{\376\377\000B\000C\000D\000,\000\040\000E\000B\000C\000D\000I\000C\000,\000\040\000A\000S\000C\000I\000I\000\040\011\217\011\254\011\202\000\040\000U\000n\000i\000c\000o\000d\000e}{chapter.3}% 29
\BOOKMARK [1][-]{section.3.9}{\376\377\011\225\011\277\011\233\011\301\000\040\011\227\011\276\011\243\011\277\011\244\011\277\011\225\000\040\011\270\011\256\011\270\011\315\011\257\011\276\000\040\011\223\000\040\011\270\011\256\011\276\011\247\011\276\011\250}{chapter.3}% 30
\BOOKMARK [1][-]{section.3.10}{\376\377\000B\000o\000o\000l\000e\000a\000n\000\040\000A\000l\000g\000e\000b\000r\000a}{chapter.3}% 31
\BOOKMARK [1][-]{section.3.11}{\376\377\000B\000o\000o\000l\000e\000a\000n\000\040\000T\000h\000e\000o\000r\000e\000m\000s}{chapter.3}% 32
\BOOKMARK [1][-]{section.3.12}{\376\377\011\241\011\277\000-\011\256\011\260\011\227\011\315\011\257\011\276\011\250\011\307\011\260\000\040\011\211\011\252\011\252\011\276\011\246\011\315\011\257}{chapter.3}% 33
\BOOKMARK [1][-]{section.3.13}{\376\377\000T\000r\000u\000t\000h\000\040\000T\000a\000b\000l\000e}{chapter.3}% 34
\BOOKMARK [1][-]{section.3.14}{\376\377\011\256\011\314\011\262\011\277\011\225\000\040\011\227\011\307\011\237\000:\000\040\000A\000N\000D\000,\000\040\000O\000R\000,\000\040\000N\000O\000T}{chapter.3}% 35
\BOOKMARK [1][-]{section.3.15}{\376\377\000U\000n\000i\000v\000e\000r\000s\000a\000l\000\040\000G\000a\000t\000e\000s\000:\000\040\000N\000A\000N\000D\000,\000\040\000N\000O\000R}{chapter.3}% 36
\BOOKMARK [1][-]{section.3.16}{\376\377\000S\000p\000e\000c\000i\000a\000l\000\040\000G\000a\000t\000e\000s}{chapter.3}% 37
\BOOKMARK [1][-]{section.3.17}{\376\377\000E\000n\000c\000o\000d\000e\000r}{chapter.3}% 38
\BOOKMARK [1][-]{section.3.18}{\376\377\000D\000e\000c\000o\000d\000e\000r}{chapter.3}% 39
\BOOKMARK [1][-]{section.3.19}{\376\377\000A\000d\000d\000e\000r}{chapter.3}% 40
\BOOKMARK [1][-]{section.3.20}{\376\377\000R\000e\000g\000i\000s\000t\000e\000r}{chapter.3}% 41
\BOOKMARK [1][-]{section.3.21}{\376\377\000C\000o\000u\000n\000t\000e\000r}{chapter.3}% 42
\BOOKMARK [1][-]{section.3.22}{\376\377\011\205\011\250\011\301\011\266\011\300\011\262\011\250\011\300}{chapter.3}% 43
\BOOKMARK [0][-]{chapter.4}{\376\377\011\223\011\337\011\307\011\254\000\040\011\241\011\277\011\234\011\276\011\207\011\250\000\040\011\252\011\260\011\277\011\232\011\277\011\244\011\277\000\040\011\217\011\254\011\202\000\040\000H\000T\000M\000L}{}% 44
\BOOKMARK [1][-]{section.4.1}{\376\377\011\223\011\337\011\307\011\254\000\040\011\241\011\277\011\234\011\276\011\207\011\250\011\307\011\260\000\040\011\247\011\276\011\260\011\243\011\276}{chapter.4}% 45
\BOOKMARK [1][-]{section.4.2}{\376\377\011\223\011\337\011\307\011\254\011\270\011\276\011\207\011\237\011\307\011\260\000\040\011\225\011\276\011\240\011\276\011\256\011\313}{chapter.4}% 46
\BOOKMARK [1][-]{section.4.3}{\376\377\000H\000T\000M\000L\000-\011\217\011\260\000\040\011\256\011\314\011\262\011\277\011\225\000\040\011\254\011\277\011\267\011\337}{chapter.4}% 47
\BOOKMARK [1][-]{section.4.4}{\376\377\011\237\011\315\011\257\011\276\011\227\000\040\011\223\000\040\011\270\011\277\011\250\011\237\011\315\011\257\011\276\011\225\011\315\011\270}{chapter.4}% 48
\BOOKMARK [1][-]{section.4.5}{\376\377\011\241\011\277\011\234\011\276\011\207\011\250\000:\000\040\011\270\011\315\011\237\011\315\011\260\011\276\011\225\011\232\011\276\011\260\000\040\011\223\000\040\011\262\011\307\011\206\011\211\011\237}{chapter.4}% 49
\BOOKMARK [1][-]{section.4.6}{\376\377\011\237\011\307\011\225\011\315\011\270\011\237\000\040\011\223\000\040\011\225\011\250\011\237\011\307\011\250\011\315\011\237\000\040\011\253\011\260\011\256\011\315\011\257\011\276\011\237\011\277\011\202}{chapter.4}% 50
\BOOKMARK [1][-]{section.4.7}{\376\377\011\271\011\276\011\207\011\252\011\276\011\260\011\262\011\277\011\231\011\315\011\225\000\040\011\223\000\040\011\250\011\307\011\255\011\277\011\227\011\307\011\266\011\250}{chapter.4}% 51
\BOOKMARK [1][-]{section.4.8}{\376\377\011\207\011\256\011\307\011\234\000\040\011\250\011\277\011\337\011\250\011\315\011\244\011\315\011\260\011\243\000\040\011\223\000\040\011\254\011\315\011\257\011\254\011\271\011\276\011\260}{chapter.4}% 52
\BOOKMARK [1][-]{section.4.9}{\376\377\011\237\011\307\011\254\011\277\011\262\000\040\011\223\000\040\011\241\011\307\011\237\011\276\000\040\011\211\011\252\011\270\011\315\011\245\011\276\011\252\011\250}{chapter.4}% 53
\BOOKMARK [1][-]{section.4.10}{\376\377\011\253\011\260\011\315\011\256\000\040\011\223\000\040\011\241\011\307\011\237\011\276\000\040\011\270\011\202\011\227\011\315\011\260\011\271}{chapter.4}% 54
\BOOKMARK [1][-]{section.4.11}{\376\377\011\223\011\337\011\307\011\254\000\040\011\252\011\307\011\234\000\040\011\241\011\277\011\234\011\276\011\207\011\250\000\040\011\252\011\246\011\315\011\247\011\244\011\277}{chapter.4}% 55
\BOOKMARK [1][-]{section.4.12}{\376\377\011\223\011\337\011\307\011\254\011\270\011\276\011\207\011\237\000\040\011\252\011\315\011\260\011\225\011\276\011\266\000\040\011\223\000\040\011\271\011\313\011\270\011\315\011\237\011\277\011\202}{chapter.4}% 56
\BOOKMARK [1][-]{section.4.13}{\376\377\011\205\011\250\011\301\011\266\011\300\011\262\011\250\011\300}{chapter.4}% 57
\BOOKMARK [0][-]{chapter.5}{\376\377\011\252\011\315\011\260\011\313\011\227\011\315\011\260\011\276\011\256\011\277\011\202\000\040\011\255\011\276\011\267\011\276}{}% 58
\BOOKMARK [1][-]{section.5.1}{\376\377\011\252\011\315\011\260\011\313\011\227\011\315\011\260\011\276\011\256\011\277\011\202\000\040\011\255\011\276\011\267\011\276\000\040\040\024\000\040\011\252\011\260\011\277\011\232\011\277\011\244\011\277}{chapter.5}% 59
\BOOKMARK [1][-]{section.5.2}{\376\377\011\252\011\315\011\260\011\313\011\227\011\315\011\260\011\276\011\256\011\307\011\260\000\040\011\247\011\276\011\260\011\243\011\276}{chapter.5}% 60
\BOOKMARK [1][-]{section.5.3}{\376\377\011\252\011\315\011\260\011\313\011\227\011\315\011\260\011\276\011\256\011\277\011\202\000\040\011\255\011\276\011\267\011\276\011\260\000\040\011\247\011\276\011\260\011\243\011\276}{chapter.5}% 61
\BOOKMARK [1][-]{section.5.4}{\376\377\011\254\011\277\011\255\011\277\011\250\011\315\011\250\000\040\011\252\011\315\011\260\011\234\011\250\011\315\011\256\011\307\011\260\000\040\011\252\011\315\011\260\011\313\011\227\011\315\011\260\011\276\011\256\011\277\011\202\000\040\011\255\011\276\011\267\011\276}{chapter.5}% 62
\BOOKMARK [1][-]{section.5.5}{\376\377\011\250\011\277\011\256\011\315\011\250\011\270\011\315\011\244\011\260\011\307\011\260\000\040\011\255\011\276\011\267\011\276}{chapter.5}% 63
\BOOKMARK [1][-]{section.5.6}{\376\377\000M\000a\000c\000h\000i\000n\000e\000\040\000L\000a\000n\000g\000u\000a\000g\000e}{chapter.5}% 64
\BOOKMARK [1][-]{section.5.7}{\376\377\000A\000s\000s\000e\000m\000b\000l\000y\000\040\000L\000a\000n\000g\000u\000a\000g\000e}{chapter.5}% 65
\BOOKMARK [1][-]{section.5.8}{\376\377\011\256\011\247\011\315\011\257\011\270\011\315\011\244\011\260\011\307\011\260\000\040\011\255\011\276\011\267\011\276}{chapter.5}% 66
\BOOKMARK [1][-]{section.5.9}{\376\377\011\211\011\232\011\315\011\232\011\270\011\315\011\244\011\260\011\307\011\260\000\040\011\255\011\276\011\267\011\276}{chapter.5}% 67
\BOOKMARK [1][-]{section.5.10}{\376\377\011\232\011\244\011\301\011\260\011\315\011\245\000\040\011\252\011\315\011\260\011\234\011\250\011\315\011\256\011\307\011\260\000\040\011\255\011\276\011\267\011\276\000\040\000\050\0004\000G\000L\000\051}{chapter.5}% 68
\BOOKMARK [1][-]{section.5.11}{\376\377\011\205\011\250\011\301\011\254\011\276\011\246\011\225\000\040\000\050\000T\000r\000a\000n\000s\000l\000a\000t\000o\000r\000\051\000\040\011\252\011\315\011\260\011\313\011\227\011\315\011\260\011\276\011\256}{chapter.5}% 69
\BOOKMARK [1][-]{section.5.12}{\376\377\000C\000o\000m\000p\000i\000l\000e\000r}{chapter.5}% 70
\BOOKMARK [1][-]{section.5.13}{\376\377\000I\000n\000t\000e\000r\000p\000r\000e\000t\000e\000r}{chapter.5}% 71
\BOOKMARK [1][-]{section.5.14}{\376\377\000A\000s\000s\000e\000m\000b\000l\000e\000r}{chapter.5}% 72
\BOOKMARK [1][-]{section.5.15}{\376\377\011\252\011\315\011\260\011\313\011\227\011\315\011\260\011\276\011\256\011\307\011\260\000\040\011\270\011\202\011\227\011\240\011\250}{chapter.5}% 73
\BOOKMARK [1][-]{section.5.16}{\376\377\011\252\011\315\011\260\011\313\011\227\011\315\011\260\011\276\011\256\000\040\011\211\011\250\011\315\011\250\011\337\011\250\011\307\011\260\000\040\011\247\011\276\011\252\011\270\011\256\011\302\011\271}{chapter.5}% 74
\BOOKMARK [1][-]{section.5.17}{\376\377\011\205\011\315\011\257\011\276\011\262\011\227\011\260\011\277\011\246\011\256}{chapter.5}% 75
\BOOKMARK [1][-]{section.5.18}{\376\377\011\253\011\315\011\262\011\313\011\232\011\276\011\260\011\315\011\237}{chapter.5}% 76
\BOOKMARK [1][-]{section.5.19}{\376\377\011\252\011\315\011\260\011\313\011\227\011\315\011\260\011\276\011\256\000\040\011\241\011\277\011\234\011\276\011\207\011\250\000\040\011\256\011\241\011\307\011\262}{chapter.5}% 77
\BOOKMARK [1][-]{section.5.20}{\376\377\000S\000t\000r\000u\000c\000t\000u\000r\000e\000d\000\040\000P\000r\000o\000g\000r\000a\000m\000m\000i\000n\000g}{chapter.5}% 78
\BOOKMARK [1][-]{section.5.21}{\376\377\000V\000i\000s\000u\000a\000l\000\040\000P\000r\000o\000g\000r\000a\000m\000m\000i\000n\000g}{chapter.5}% 79
\BOOKMARK [1][-]{section.5.22}{\376\377\000O\000b\000j\000e\000c\000t\000\040\000O\000r\000i\000e\000n\000t\000e\000d\000\040\000P\000r\000o\000g\000r\000a\000m\000m\000i\000n\000g}{chapter.5}% 80
\BOOKMARK [1][-]{section.5.23}{\376\377\000E\000v\000e\000n\000t\000\040\000D\000r\000i\000v\000e\000n\000\040\000P\000r\000o\000g\000r\000a\000m\000m\000i\000n\000g}{chapter.5}% 81
\BOOKMARK [1][-]{section.5.24}{\376\377\000C\000\040\011\252\011\315\011\260\011\313\011\227\011\315\011\260\011\276\011\256\011\277\011\202\000\040\040\024\000\040\011\252\011\315\011\260\011\276\011\245\011\256\011\277\011\225\000\040\011\247\011\276\011\260\011\243\011\276}{chapter.5}% 82
\BOOKMARK [1][-]{section.5.25}{\376\377\000C\000\040\011\255\011\276\011\267\011\276\011\260\000\040\011\254\011\310\011\266\011\277\011\267\011\315\011\237\011\315\011\257}{chapter.5}% 83
\BOOKMARK [1][-]{section.5.26}{\376\377\000C\000\040\000P\000r\000o\000g\000r\000a\000m\000\040\000C\000o\000m\000p\000i\000l\000i\000n\000g}{chapter.5}% 84
\BOOKMARK [1][-]{section.5.27}{\376\377\000C\000\040\000P\000r\000o\000g\000r\000a\000m\000-\011\217\011\260\000\040\011\227\011\240\011\250}{chapter.5}% 85
\BOOKMARK [1][-]{section.5.28}{\376\377\000D\000a\000t\000a\000\040\000T\000y\000p\000e}{chapter.5}% 86
\BOOKMARK [1][-]{section.5.29}{\376\377\000C\000o\000n\000s\000t\000a\000n\000t}{chapter.5}% 87
\BOOKMARK [1][-]{section.5.30}{\376\377\000V\000a\000r\000i\000a\000b\000l\000e}{chapter.5}% 88
\BOOKMARK [1][-]{section.5.31}{\376\377\000O\000p\000e\000r\000a\000t\000o\000r}{chapter.5}% 89
\BOOKMARK [1][-]{section.5.32}{\376\377\000E\000x\000p\000r\000e\000s\000s\000i\000o\000n}{chapter.5}% 90
\BOOKMARK [1][-]{section.5.33}{\376\377\000K\000e\000y\000w\000o\000r\000d}{chapter.5}% 91
\BOOKMARK [1][-]{section.5.34}{\376\377\000I\000n\000p\000u\000t\000/\000O\000u\000t\000p\000u\000t\000\040\000S\000t\000a\000t\000e\000m\000e\000n\000t}{chapter.5}% 92
\BOOKMARK [1][-]{section.5.35}{\376\377\000C\000o\000n\000d\000i\000t\000i\000o\000n\000a\000l\000\040\000S\000t\000a\000t\000e\000m\000e\000n\000t}{chapter.5}% 93
\BOOKMARK [1][-]{section.5.36}{\376\377\000L\000o\000o\000p\000\040\000S\000t\000a\000t\000e\000m\000e\000n\000t}{chapter.5}% 94
\BOOKMARK [1][-]{section.5.37}{\376\377\000A\000r\000r\000a\000y}{chapter.5}% 95
\BOOKMARK [1][-]{section.5.38}{\376\377\000F\000u\000n\000c\000t\000i\000o\000n}{chapter.5}% 96
\BOOKMARK [1][-]{section.5.39}{\376\377\000P\000r\000a\000c\000t\000i\000c\000a\000l\000\040\000P\000r\000o\000g\000r\000a\000m\000\040\000P\000r\000a\000c\000t\000i\000c\000e}{chapter.5}% 97
\BOOKMARK [1][-]{section.5.40}{\376\377\011\205\011\250\011\301\011\266\011\300\011\262\011\250\011\300}{chapter.5}% 98
\BOOKMARK [0][-]{chapter.6}{\376\377\011\241\011\307\011\237\011\276\011\254\011\307\011\234\000\040\011\256\011\315\011\257\011\276\011\250\011\307\011\234\011\256\011\307\011\250\011\315\011\237\000\040\011\270\011\277\011\270\011\315\011\237\011\307\011\256}{}% 99
\BOOKMARK [1][-]{section.6.1}{\376\377\011\241\011\307\011\237\011\276\011\254\011\307\011\234\000\040\011\256\011\315\011\257\011\276\011\250\011\307\011\234\011\256\011\307\011\250\011\315\011\237\000\040\011\270\011\277\011\270\011\315\011\237\011\307\011\256\000\040\040\024\000\040\011\252\011\260\011\277\011\232\011\277\011\244\011\277}{chapter.6}% 100
\BOOKMARK [1][-]{section.6.2}{\376\377\011\241\011\307\011\237\011\276\011\254\011\307\011\234\011\307\011\260\000\040\011\256\011\314\011\262\011\277\011\225\000\040\011\211\011\252\011\276\011\246\011\276\011\250}{chapter.6}% 101
\BOOKMARK [1][-]{section.6.3}{\376\377\011\241\011\307\011\237\011\276\011\254\011\307\011\234\000\040\011\256\011\315\011\257\011\276\011\250\011\307\011\234\011\256\011\307\011\250\011\315\011\237\000\040\011\270\011\277\011\270\011\315\011\237\011\307\011\256}{chapter.6}% 102
\BOOKMARK [1][-]{section.6.4}{\376\377\000R\000e\000l\000a\000t\000i\000o\000n\000a\000l\000\040\000D\000a\000t\000a\000b\000a\000s\000e\000\040\000M\000a\000n\000a\000g\000e\000m\000e\000n\000t\000\040\000S\000y\000s\000t\000e\000m\000\040\000\050\000R\000D\000B\000M\000S\000\051}{chapter.6}% 103
\BOOKMARK [1][-]{section.6.5}{\376\377\011\241\011\307\011\237\011\276\011\254\011\307\011\234\000\040\011\244\011\310\011\260\011\277}{chapter.6}% 104
\BOOKMARK [1][-]{section.6.6}{\376\377\011\241\011\307\011\237\011\276\000\040\011\237\011\276\011\207\011\252}{chapter.6}% 105
\BOOKMARK [1][-]{section.6.7}{\376\377\000Q\000u\000e\000r\000y}{chapter.6}% 106
\BOOKMARK [1][-]{section.6.8}{\376\377\000S\000o\000r\000t\000i\000n\000g}{chapter.6}% 107
\BOOKMARK [1][-]{section.6.9}{\376\377\000I\000n\000d\000e\000x\000i\000n\000g}{chapter.6}% 108
\BOOKMARK [1][-]{section.6.10}{\376\377\000D\000a\000t\000a\000b\000a\000s\000e\000\040\000R\000e\000l\000a\000t\000i\000o\000n}{chapter.6}% 109
\BOOKMARK [1][-]{section.6.11}{\376\377\000F\000o\000r\000m}{chapter.6}% 110
\BOOKMARK [1][-]{section.6.12}{\376\377\000R\000e\000p\000o\000r\000t}{chapter.6}% 111
\BOOKMARK [1][-]{section.6.13}{\376\377\000C\000o\000r\000p\000o\000r\000a\000t\000e\000\040\000D\000a\000t\000a\000b\000a\000s\000e}{chapter.6}% 112
\BOOKMARK [1][-]{section.6.14}{\376\377\011\270\011\260\011\225\011\276\011\260\011\277\000\040\011\252\011\315\011\260\011\244\011\277\011\267\011\315\011\240\011\276\011\250\011\307\000\040\011\241\011\307\011\237\011\276\011\254\011\307\011\234}{chapter.6}% 113
\BOOKMARK [1][-]{section.6.15}{\376\377\000D\000a\000t\000a\000\040\000S\000e\000c\000u\000r\000i\000t\000y}{chapter.6}% 114
\BOOKMARK [1][-]{section.6.16}{\376\377\000D\000a\000t\000a\000\040\000E\000n\000c\000r\000y\000p\000t\000i\000o\000n}{chapter.6}% 115
\BOOKMARK [1][-]{section.6.17}{\376\377\000P\000r\000a\000c\000t\000i\000c\000a\000l\000\040\000D\000a\000t\000a\000b\000a\000s\000e\000\040\000T\000a\000s\000k}{chapter.6}% 116
\BOOKMARK [1][-]{section.6.18}{\376\377\011\205\011\250\011\301\011\266\011\300\011\262\011\250\011\300}{chapter.6}% 117
